10:29:35.636 detox[23697] [90mB[39m node_modules/detox/local-cli/cli.js test --configuration ios.release --headless --record-logs all e2e/tests/Flujo de inicio de sesión/workshopRobot.test.ts
  data: {
    "id": "563b43bd-07e3-56d8-2d12-a40ae4eb38c5",
    "detoxConfig": {
      "configurationName": "ios.release",
      "apps": {
        "default": {
          "type": "ios.app",
          "binaryPath": "ios/build/Build/Products/Release-iphonesimulator/detoxdemogithubactions.app",
          "build": "xcodebuild -workspace ios/detoxdemogithubactions.xcworkspace -scheme detoxdemogithubactions -sdk iphonesimulator -configuration Release -derivedDataPath ios/build"
        }
      },
      "artifacts": {
        "rootDir": "e2e/artifacts/ios.release.2025-05-21 16-29-35Z",
        "plugins": {
          "log": {
            "enabled": true,
            "keepOnlyFailedTestsArtifacts": false
          },
          "screenshot": {
            "shouldTakeAutomaticSnapshots": true,
            "keepOnlyFailedTestsArtifacts": false,
            "takeWhen": {
              "testStart": true,
              "testDone": true
            },
            "enabled": true
          },
          "video": {
            "enabled": false,
            "keepOnlyFailedTestsArtifacts": false
          },
          "instruments": {
            "enabled": false,
            "keepOnlyFailedTestsArtifacts": false
          },
          "uiHierarchy": {
            "enabled": false,
            "keepOnlyFailedTestsArtifacts": false
          }
        }
      },
      "behavior": {
        "init": {
          "keepLockFile": false,
          "reinstallApp": true,
          "exposeGlobals": true
        },
        "cleanup": {
          "shutdownDevice": false
        },
        "launchApp": "auto"
      },
      "cli": {
        "recordLogs": "all",
        "configuration": "ios.release",
        "headless": true,
        "start": true
      },
      "commands": [
        {
          "appName": "default",
          "build": "xcodebuild -workspace ios/detoxdemogithubactions.xcworkspace -scheme detoxdemogithubactions -sdk iphonesimulator -configuration Release -derivedDataPath ios/build"
        }
      ],
      "device": {
        "type": "ios.simulator",
        "device": {
          "name": "iPhone 16",
          "type": "iPhone 16",
          "os": "iOS 18.2"
        },
        "headless": true
      },
      "logger": {
        "level": "info",
        "overrideConsole": true,
        "options": {
          "showLoggerName": true,
          "showPid": true,
          "showLevel": false,
          "showMetadata": false,
          "basepath": "/Users/mcamacho/Projects/detox-demo-github-actions/node_modules/.pnpm/detox@20.38.0_@jest+environment@29.7.0_@jest+types@29.6.3_expect@29.7.0_jest-environmen_7d81f4e58d2c7dc9c4cfa39f1bf73e86/node_modules/detox/src",
          "prefixers": {},
          "stringifiers": {}
        }
      },
      "testRunner": {
        "retries": 0,
        "forwardEnv": false,
        "detached": false,
        "bail": false,
        "noRetryArgs": [
          "shard"
        ],
        "jest": {
          "setupTimeout": 300000,
          "teardownTimeout": 30000,
          "retryAfterCircusRetries": false,
          "reportWorkerAssign": true
        },
        "args": {
          "$0": "jest",
          "_": [
            "e2e/tests/Flujo de inicio de sesión/workshopRobot.test.ts"
          ],
          "config": "e2e/jest.config.js",
          "--": []
        }
      },
      "session": {
        "autoStart": true,
        "debugSynchronization": 10000
      }
    },
    "detoxIPCServer": "primary-23697",
    "testResults": [],
    "testSessionIndex": 0,
    "workersCount": 0
  }
10:29:35.639 detox[23697] [90mi[39m Server path not specified, so defaulting to ipc.config.socketRoot + ipc.config.appspace + ipc.config.id /tmp/detox.primary-23697
10:29:35.640 detox[23697] [90mi[39m starting server on  /tmp/detox.primary-23697 
10:29:35.640 detox[23697] [90mi[39m starting TLS server false
10:29:35.641 detox[23697] [90mi[39m starting server as Unix || Windows Socket
10:29:35.641 detox[23697] [90mi[39m Detox server listening on localhost:65052...
10:29:35.643 detox[23697] [90mi[39m Serialized the session state at: /private/var/folders/h5/jn5kr8896s13l3xwh4hzcrch0000gn/T/563b43bd-07e3-56d8-2d12-a40ae4eb38c5.detox.json
10:29:35.643 detox[23697] [90mB[39m jest --config e2e/jest.config.js e2e/tests/Flujo\ de\ inicio\ de\ sesión/workshopRobot.test.ts
10:29:36.154 detox[23704] [90mi[39m Service path not specified, so defaulting to ipc.config.socketRoot + ipc.config.appspace + id 
10:29:36.155 detox[23697] [90mi[39m ## socket connection to server detected ##
10:29:36.155 detox[23704] [90mi[39m requested connection to  primary-23697 /tmp/detox.primary-23697
10:29:36.155 detox[23704] [90mi[39m Connecting client on Unix Socket : /tmp/detox.primary-23697
10:29:36.155 detox[23704] [90mi[39m retrying reset
10:29:36.155 detox[23704] [90mi[39m dispatching event to  primary-23697 /tmp/detox.primary-23697  :  registerContext , { id: 'secondary-23704' }
10:29:36.156 detox[23697] [90mi[39m received event of :  registerContext { id: 'secondary-23704' }
10:29:36.156 detox[23697] [90mi[39m dispatching event to socket  :  registerContextDone {
  testResults: [],
  testSessionIndex: 0,
  unsafe_earlyTeardown: undefined
}
10:29:36.156 detox[23704] [90mi[39m ## received events ##
10:29:36.156 detox[23704] [90mi[39m detected event registerContextDone { testResults: [], testSessionIndex: 0 }
10:29:36.234 detox[23704] [90mB[39m e2e/tests/Flujo de inicio de sesión/workshopRobot.test.ts
10:29:36.240 detox[23704] [90mB[39m set up environment
10:29:36.241 detox[23697] [90mi[39m received event of :  registerWorker { workerId: 'w1' }
10:29:36.241 detox[23697] [90mi[39m dispatching event to socket  :  registerWorkerDone { workersCount: 1 }
10:29:36.241 detox[23697] [90mi[39m broadcasting event to all known sockets listening to  /tmp/detox.primary-23697  :   sessionStateUpdate { workersCount: 1 }
10:29:36.241 detox[23704] [90mi[39m dispatching event to  primary-23697 /tmp/detox.primary-23697  :  registerWorker , { workerId: 'w1' }
10:29:36.242 detox[23704] [90mi[39m ## received events ##
10:29:36.242 detox[23704] [90mi[39m detected event registerWorkerDone { workersCount: 1 }
10:29:36.242 detox[23704] [90mi[39m detected event sessionStateUpdate { workersCount: 1 }
10:29:36.345 detox[23697] [90mB[39m connection :65052<->:65057
10:29:36.345 detox[23704] [90mi[39m opened web socket to: ws://localhost:65052
10:29:36.347 detox[23697] [90mi[39m get
  data: {"type":"login","params":{"sessionId":"46939391-2fde-03a6-5cb6-c091c6513d89","role":"tester"},"messageId":0}
10:29:36.347 detox[23697] [90mi[39m created session 46939391-2fde-03a6-5cb6-c091c6513d89
10:29:36.347 detox[23697] [90mi[39m send
  data: {
    "type": "loginSuccess",
    "params": {
      "testerConnected": true,
      "appConnected": false
    },
    "messageId": 0
  }
10:29:36.347 detox[23704] [90mi[39m send message
  data: {"type":"login","params":{"sessionId":"46939391-2fde-03a6-5cb6-c091c6513d89","role":"tester"},"messageId":0}
10:29:36.348 detox[23697] [90mi[39m tester joined session 46939391-2fde-03a6-5cb6-c091c6513d89
10:29:36.348 detox[23704] [90mi[39m get message
  data: {"type":"loginSuccess","params":{"testerConnected":true,"appConnected":false},"messageId":0}
   
10:29:36.504 detox[23697] [90mi[39m received event of :  allocateDevice {
  deviceConfig: {
    type: 'ios.simulator',
    device: { name: 'iPhone 16', type: 'iPhone 16', os: 'iOS 18.2' },
    headless: true
  }
}
10:29:36.504 detox[23704] [90mi[39m dispatching event to  primary-23697 /tmp/detox.primary-23697  :  allocateDevice , {
  deviceConfig: {
    type: 'ios.simulator',
    device: { name: 'iPhone 16', type: 'iPhone 16', os: 'iOS 18.2' },
    headless: true
  }
}
10:29:36.506 detox[23697] [90mB[39m init
  args: ()
10:29:36.508 detox[23697] [90mE[39m init
10:29:36.508 detox[23697] [90mB[39m allocate
  data: {
    "type": "ios.simulator",
    "device": {
      "name": "iPhone 16",
      "type": "iPhone 16",
      "os": "iOS 18.2"
    },
    "headless": true
  }
10:29:36.509 detox[23697] [90mi[39m applesimutils --list --byName "iPhone 16" --byOS "iOS 18.2" --byType "iPhone 16"
10:29:38.738 detox[23697] [90mi[39m [
  {
    "isAvailable" : true,
    "logPath" : "\/Users\/mcamacho\/Library\/Logs\/CoreSimulator\/1AF1D505-E4E6-45DD-B51A-54B2F3563FB2",
    "logPathSize" : 1110016,
    "state" : "Shutdown",
    "name" : "iPhone 16",
    "dataPathSize" : 6549594112,
    "deviceType" : {
      "maxRuntimeVersion" : 4294967295,
      "bundlePath" : "\/Applications\/Xcode.app\/Contents\/Developer\/Platforms\/iPhoneOS.platform\/Library\/Developer\/CoreSimulator\/Profiles\/DeviceTypes\/iPhone 16.simdevicetype",
      "maxRuntimeVersionString" : "65535.255.255",
      "name" : "iPhone 16",
      "identifier" : "com.apple.CoreSimulator.SimDeviceType.iPhone-16",
      "productFamily" : "iPhone",
      "modelIdentifier" : "iPhone17,3",
      "minRuntimeVersionString" : "18.0.0",
      "minRuntimeVersion" : 1179648
    },
    "os" : {
      "bundlePath" : "\/Library\/Developer\/CoreSimulator\/Volumes\/iOS_22C150\/Library\/Developer\/CoreSimulator\/Profiles\/Runtimes\/iOS 18.2.simruntime",
      "buildversion" : "22C150",
      "platform" : "iOS",
      "runtimeRoot" : "\/Library\/Developer\/CoreSimulator\/Volumes\/iOS_22C150\/Library\/Developer\/CoreSimulator\/Profiles\/Runtimes\/iOS 18.2.simruntime\/Contents\/Resources\/RuntimeRoot",
      "identifier" : "com.apple.CoreSimulator.SimRuntime.iOS-18-2",
      "version" : "18.2",
      "isInternal" : false,
      "isAvailable" : true,
      "name" : "iOS 18.2",
      "supportedDeviceTypes" : [
        {
          "bundlePath" : "\/Applications\/Xcode.app\/Contents\/Developer\/Platforms\/iPhoneOS.platform\/Library\/Developer\/CoreSimulator\/Profiles\/DeviceTypes\/iPhone 16 Pro.simdevicetype",
          "name" : "iPhone 16 Pro",
          "identifier" : "com.apple.CoreSimulator.SimDeviceType.iPhone-16-Pro",
          "productFamily" : "iPhone"
        },
        {
          "bundlePath" : "\/Applications\/Xcode.app\/Contents\/Developer\/Platforms\/iPhoneOS.platform\/Library\/Developer\/CoreSimulator\/Profiles\/DeviceTypes\/iPhone 16 Pro Max.simdevicetype",
          "name" : "iPhone 16 Pro Max",
          "identifier" : "com.apple.CoreSimulator.SimDeviceType.iPhone-16-Pro-Max",
          "productFamily" : "iPhone"
        },
        {
          "bundlePath" : "\/Applications\/Xcode.app\/Contents\/Developer\/Platforms\/iPhoneOS.platform\/Library\/Developer\/CoreSimulator\/Profiles\/DeviceTypes\/iPhone 16.simdevicetype",
          "name" : "iPhone 16",
          "identifier" : "com.apple.CoreSimulator.SimDeviceType.iPhone-16",
          "productFamily" : "iPhone"
        },
        {
          "bundlePath" : "\/Applications\/Xcode.app\/Contents\/Developer\/Platforms\/iPhoneOS.platform\/Library\/Developer\/CoreSimulator\/Profiles\/DeviceTypes\/iPhone 16 Plus.simdevicetype",
          "name" : "iPhone 16 Plus",
          "identifier" : "com.apple.CoreSimulator.SimDeviceType.iPhone-16-Plus",
          "productFamily" : "iPhone"
        },
        {
          "bundlePath" : "\/Applications\/Xcode.app\/Contents\/Developer\/Platforms\/iPhoneOS.platform\/Library\/Developer\/CoreSimulator\/Profiles\/DeviceTypes\/iPhone 15 Pro.simdevicetype",
          "name" : "iPhone 15 Pro",
          "identifier" : "com.apple.CoreSimulator.SimDeviceType.iPhone-15-Pro",
          "productFamily" : "iPhone"
        },
        {
          "bundlePath" : "\/Applications\/Xcode.app\/Contents\/Developer\/Platforms\/iPhoneOS.platform\/Library\/Developer\/CoreSimulator\/Profiles\/DeviceTypes\/iPhone 15 Pro Max.simdevicetype",
          "name" : "iPhone 15 Pro Max",
          "identifier" : "com.apple.CoreSimulator.SimDeviceType.iPhone-15-Pro-Max",
          "productFamily" : "iPhone"
        },
        {
          "bundlePath" : "\/Applications\/Xcode.app\/Contents\/Developer\/Platforms\/iPhoneOS.platform\/Library\/Developer\/CoreSimulator\/Profiles\/DeviceTypes\/iPhone 15.simdevicetype",
          "name" : "iPhone 15",
          "identifier" : "com.apple.CoreSimulator.SimDeviceType.iPhone-15",
          "productFamily" : "iPhone"
        },
        {
          "bundlePath" : "\/Applications\/Xcode.app\/Contents\/Developer\/Platforms\/iPhoneOS.platform\/Library\/Developer\/CoreSimulator\/Profiles\/DeviceTypes\/iPhone 15 Plus.simdevicetype",
          "name" : "iPhone 15 Plus",
          "identifier" : "com.apple.CoreSimulator.SimDeviceType.iPhone-15-Plus",
          "productFamily" : "iPhone"
        },
        {
          "bundlePath" : "\/Applications\/Xcode.app\/Contents\/Developer\/Platforms\/iPhoneOS.platform\/Library\/Developer\/CoreSimulator\/Profiles\/DeviceTypes\/iPhone 14 Pro.simdevicetype",
          "name" : "iPhone 14 Pro",
          "identifier" : "com.apple.CoreSimulator.SimDeviceType.iPhone-14-Pro",
          "productFamily" : "iPhone"
        },
        {
          "bundlePath" : "\/Applications\/Xcode.app\/Contents\/Developer\/Platforms\/iPhoneOS.platform\/Library\/Developer\/CoreSimulator\/Profiles\/DeviceTypes\/iPhone 14 Pro Max.simdevicetype",
          "name" : "iPhone 14 Pro Max",
          "identifier" : "com.apple.CoreSimulator.SimDeviceType.iPhone-14-Pro-Max",
          "productFamily" : "iPhone"
        },
        {
          "bundlePath" : "\/Applications\/Xcode.app\/Contents\/Developer\/Platforms\/iPhoneOS.platform\/Library\/Developer\/CoreSimulator\/Profiles\/DeviceTypes\/iPhone 14.simdevicetype",
          "name" : "iPhone 14",
          "identifier" : "com.apple.CoreSimulator.SimDeviceType.iPhone-14",
          "productFamily" : "iPhone"
        },
        {
          "bundlePath" : "\/Applications\/Xcode.app\/Contents\/Developer\/Platforms\/iPhoneOS.platform\/Library\/Developer\/CoreSimulator\/Profiles\/DeviceTypes\/iPhone 14 Plus.simdevicetype",
          "name" : "iPhone 14 Plus",
          "identifier" : "com.apple.CoreSimulator.SimDeviceType.iPhone-14-Plus",
          "productFamily" : "iPhone"
        },
        {
          "bundlePath" : "\/Applications\/Xcode.app\/Contents\/Developer\/Platforms\/iPhoneOS.platform\/Library\/Developer\/CoreSimulator\/Profiles\/DeviceTypes\/iPhone SE (3rd generation).simdevicetype",
          "name" : "iPhone SE (3rd generation)",
          "identifier" : "com.apple.CoreSimulator.SimDeviceType.iPhone-SE-3rd-generation",
          "productFamily" : "iPhone"
        },
        {
          "bundlePath" : "\/Applications\/Xcode.app\/Contents\/Developer\/Platforms\/iPhoneOS.platform\/Library\/Developer\/CoreSimulator\/Profiles\/DeviceTypes\/iPhone 13 Pro.simdevicetype",
          "name" : "iPhone 13 Pro",
          "identifier" : "com.apple.CoreSimulator.SimDeviceType.iPhone-13-Pro",
          "productFamily" : "iPhone"
        },
        {
          "bundlePath" : "\/Applications\/Xcode.app\/Contents\/Developer\/Platforms\/iPhoneOS.platform\/Library\/Developer\/CoreSimulator\/Profiles\/DeviceTypes\/iPhone 13 Pro Max.simdevicetype",
          "name" : "iPhone 13 Pro Max",
          "identifier" : "com.apple.CoreSimulator.SimDeviceType.iPhone-13-Pro-Max",
          "productFamily" : "iPhone"
        },
        {
          "bundlePath" : "\/Applications\/Xcode.app\/Contents\/Developer\/Platforms\/iPhoneOS.platform\/Library\/Developer\/CoreSimulator\/Profiles\/DeviceTypes\/iPhone 13.simdevicetype",
          "name" : "iPhone 13",
          "identifier" : "com.apple.CoreSimulator.SimDeviceType.iPhone-13",
          "productFamily" : "iPhone"
        },
        {
          "bundlePath" : "\/Applications\/Xcode.app\/Contents\/Developer\/Platforms\/iPhoneOS.platform\/Library\/Developer\/CoreSimulator\/Profiles\/DeviceTypes\/iPhone 13 mini.simdevicetype",
          "name" : "iPhone 13 mini",
          "identifier" : "com.apple.CoreSimulator.SimDeviceType.iPhone-13-mini",
          "productFamily" : "iPhone"
        },
        {
          "bundlePath" : "\/Applications\/Xcode.app\/Contents\/Developer\/Platforms\/iPhoneOS.platform\/Library\/Developer\/CoreSimulator\/Profiles\/DeviceTypes\/iPhone 12 Pro.simdevicetype",
          "name" : "iPhone 12 Pro",
          "identifier" : "com.apple.CoreSimulator.SimDeviceType.iPhone-12-Pro",
          "productFamily" : "iPhone"
        },
        {
          "bundlePath" : "\/Applications\/Xcode.app\/Contents\/Developer\/Platforms\/iPhoneOS.platform\/Library\/Developer\/CoreSimulator\/Profiles\/DeviceTypes\/iPhone 12 Pro Max.simdevicetype",
          "name" : "iPhone 12 Pro Max",
          "identifier" : "com.apple.CoreSimulator.SimDeviceType.iPhone-12-Pro-Max",
          "productFamily" : "iPhone"
        },
        {
          "bundlePath" : "\/Applications\/Xcode.app\/Contents\/Developer\/Platforms\/iPhoneOS.platform\/Library\/Developer\/CoreSimulator\/Profiles\/DeviceTypes\/iPhone 12.simdevicetype",
          "name" : "iPhone 12",
          "identifier" : "com.apple.CoreSimulator.SimDeviceType.iPhone-12",
          "productFamily" : "iPhone"
        },
        {
          "bundlePath" : "\/Applications\/Xcode.app\/Contents\/Developer\/Platforms\/iPhoneOS.platform\/Library\/Developer\/CoreSimulator\/Profiles\/DeviceTypes\/iPhone 12 mini.simdevicetype",
          "name" : "iPhone 12 mini",
          "identifier" : "com.apple.CoreSimulator.SimDeviceType.iPhone-12-mini",
          "productFamily" : "iPhone"
        },
        {
          "bundlePath" : "\/Applications\/Xcode.app\/Contents\/Developer\/Platforms\/iPhoneOS.platform\/Library\/Developer\/CoreSimulator\/Profiles\/DeviceTypes\/iPhone SE (2nd generation).simdevicetype",
          "name" : "iPhone SE (2nd generation)",
          "identifier" : "com.apple.CoreSimulator.SimDeviceType.iPhone-SE--2nd-generation-",
          "productFamily" : "iPhone"
        },
        {
          "bundlePath" : "\/Applications\/Xcode.app\/Contents\/Developer\/Platforms\/iPhoneOS.platform\/Library\/Developer\/CoreSimulator\/Profiles\/DeviceTypes\/iPhone 11 Pro.simdevicetype",
          "name" : "iPhone 11 Pro",
          "identifier" : "com.apple.CoreSimulator.SimDeviceType.iPhone-11-Pro",
          "productFamily" : "iPhone"
        },
        {
          "bundlePath" : "\/Applications\/Xcode.app\/Contents\/Developer\/Platforms\/iPhoneOS.platform\/Library\/Developer\/CoreSimulator\/Profiles\/DeviceTypes\/iPhone 11 Pro Max.simdevicetype",
          "name" : "iPhone 11 Pro Max",
          "identifier" : "com.apple.CoreSimulator.SimDeviceType.iPhone-11-Pro-Max",
          "productFamily" : "iPhone"
        },
        {
          "bundlePath" : "\/Applications\/Xcode.app\/Contents\/Developer\/Platforms\/iPhoneOS.platform\/Library\/Developer\/CoreSimulator\/Profiles\/DeviceTypes\/iPhone 11.simdevicetype",
          "name" : "iPhone 11",
          "identifier" : "com.apple.CoreSimulator.SimDeviceType.iPhone-11",
          "productFamily" : "iPhone"
        },
        {
          "bundlePath" : "\/Applications\/Xcode.app\/Contents\/Developer\/Platforms\/iPhoneOS.platform\/Library\/Developer\/CoreSimulator\/Profiles\/DeviceTypes\/iPhone Xʀ.simdevicetype",
          "name" : "iPhone Xʀ",
          "identifier" : "com.apple.CoreSimulator.SimDeviceType.iPhone-XR",
          "productFamily" : "iPhone"
        },
        {
          "bundlePath" : "\/Applications\/Xcode.app\/Contents\/Developer\/Platforms\/iPhoneOS.platform\/Library\/Developer\/CoreSimulator\/Profiles\/DeviceTypes\/iPhone Xs.simdevicetype",
          "name" : "iPhone Xs",
          "identifier" : "com.apple.CoreSimulator.SimDeviceType.iPhone-XS",
          "productFamily" : "iPhone"
        },
        {
          "bundlePath" : "\/Applications\/Xcode.app\/Contents\/Developer\/Platforms\/iPhoneOS.platform\/Library\/Developer\/CoreSimulator\/Profiles\/DeviceTypes\/iPhone Xs Max.simdevicetype",
          "name" : "iPhone Xs Max",
          "identifier" : "com.apple.CoreSimulator.SimDeviceType.iPhone-XS-Max",
          "productFamily" : "iPhone"
        },
        {
          "bundlePath" : "\/Applications\/Xcode.app\/Contents\/Developer\/Platforms\/iPhoneOS.platform\/Library\/Developer\/CoreSimulator\/Profiles\/DeviceTypes\/iPad Pro 11-inch (M4) (16GB).simdevicetype",
          "name" : "iPad Pro 11-inch (M4) (16GB)",
          "identifier" : "com.apple.CoreSimulator.SimDeviceType.iPad-Pro-11-inch-M4-16GB",
          "productFamily" : "iPad"
        },
        {
          "bundlePath" : "\/Applications\/Xcode.app\/Contents\/Developer\/Platforms\/iPhoneOS.platform\/Library\/Developer\/CoreSimulator\/Profiles\/DeviceTypes\/iPad Pro 11-inch (M4).simdevicetype",
          "name" : "iPad Pro 11-inch (M4)",
          "identifier" : "com.apple.CoreSimulator.SimDeviceType.iPad-Pro-11-inch-M4-8GB",
          "productFamily" : "iPad"
        },
        {
          "bundlePath" : "\/Applications\/Xcode.app\/Contents\/Developer\/Platforms\/iPhoneOS.platform\/Library\/Developer\/CoreSimulator\/Profiles\/DeviceTypes\/iPad Pro 13-inch (M4) (16GB).simdevicetype",
          "name" : "iPad Pro 13-inch (M4) (16GB)",
          "identifier" : "com.apple.CoreSimulator.SimDeviceType.iPad-Pro-13-inch-M4-16GB",
          "productFamily" : "iPad"
        },
        {
          "bundlePath" : "\/Applications\/Xcode.app\/Contents\/Developer\/Platforms\/iPhoneOS.platform\/Library\/Developer\/CoreSimulator\/Profiles\/DeviceTypes\/iPad Pro 13-inch (M4).simdevicetype",
          "name" : "iPad Pro 13-inch (M4)",
          "identifier" : "com.apple.CoreSimulator.SimDeviceType.iPad-Pro-13-inch-M4-8GB",
          "productFamily" : "iPad"
        },
        {
          "bundlePath" : "\/Applications\/Xcode.app\/Contents\/Developer\/Platforms\/iPhoneOS.platform\/Library\/Developer\/CoreSimulator\/Profiles\/DeviceTypes\/iPad Air 11-inch (M2).simdevicetype",
          "name" : "iPad Air 11-inch (M2)",
          "identifier" : "com.apple.CoreSimulator.SimDeviceType.iPad-Air-11-inch-M2",
          "productFamily" : "iPad"
        },
        {
          "bundlePath" : "\/Applications\/Xcode.app\/Contents\/Developer\/Platforms\/iPhoneOS.platform\/Library\/Developer\/CoreSimulator\/Profiles\/DeviceTypes\/iPad Air 13-inch (M2).simdevicetype",
          "name" : "iPad Air 13-inch (M2)",
          "identifier" : "com.apple.CoreSimulator.SimDeviceType.iPad-Air-13-inch-M2",
          "productFamily" : "iPad"
        },
        {
          "bundlePath" : "\/Applications\/Xcode.app\/Contents\/Developer\/Platforms\/iPhoneOS.platform\/Library\/Developer\/CoreSimulator\/Profiles\/DeviceTypes\/iPad mini (A17 Pro).simdevicetype",
          "name" : "iPad mini (A17 Pro)",
          "identifier" : "com.apple.CoreSimulator.SimDeviceType.iPad-mini-A17-Pro",
          "productFamily" : "iPad"
        },
        {
          "bundlePath" : "\/Applications\/Xcode.app\/Contents\/Developer\/Platforms\/iPhoneOS.platform\/Library\/Developer\/CoreSimulator\/Profiles\/DeviceTypes\/iPad Pro (11-inch) (4th generation) (16GB).simdevicetype",
          "name" : "iPad Pro (11-inch) (4th generation) (16GB)",
          "identifier" : "com.apple.CoreSimulator.SimDeviceType.iPad-Pro-11-inch-4th-generation-16GB",
          "productFamily" : "iPad"
        },
        {
          "bundlePath" : "\/Applications\/Xcode.app\/Contents\/Developer\/Platforms\/iPhoneOS.platform\/Library\/Developer\/CoreSimulator\/Profiles\/DeviceTypes\/iPad Pro (11-inch) (4th generation).simdevicetype",
          "name" : "iPad Pro (11-inch) (4th generation)",
          "identifier" : "com.apple.CoreSimulator.SimDeviceType.iPad-Pro-11-inch-4th-generation-8GB",
          "productFamily" : "iPad"
        },
        {
          "bundlePath" : "\/Applications\/Xcode.app\/Contents\/Developer\/Platforms\/iPhoneOS.platform\/Library\/Developer\/CoreSimulator\/Profiles\/DeviceTypes\/iPad Pro (12.9-inch) (6th generation) (16GB).simdevicetype",
          "name" : "iPad Pro (12.9-inch) (6th generation) (16GB)",
          "identifier" : "com.apple.CoreSimulator.SimDeviceType.iPad-Pro-12-9-inch-6th-generation-16GB",
          "productFamily" : "iPad"
        },
        {
          "bundlePath" : "\/Applications\/Xcode.app\/Contents\/Developer\/Platforms\/iPhoneOS.platform\/Library\/Developer\/CoreSimulator\/Profiles\/DeviceTypes\/iPad Pro (12.9-inch) (6th generation).simdevicetype",
          "name" : "iPad Pro (12.9-inch) (6th generation)",
          "identifier" : "com.apple.CoreSimulator.SimDeviceType.iPad-Pro-12-9-inch-6th-generation-8GB",
          "productFamily" : "iPad"
        },
        {
          "bundlePath" : "\/Applications\/Xcode.app\/Contents\/Developer\/Platforms\/iPhoneOS.platform\/Library\/Developer\/CoreSimulator\/Profiles\/DeviceTypes\/iPad (10th generation).simdevicetype",
          "name" : "iPad (10th generation)",
          "identifier" : "com.apple.CoreSimulator.SimDeviceType.iPad-10th-generation",
          "productFamily" : "iPad"
        },
        {
          "bundlePath" : "\/Applications\/Xcode.app\/Contents\/Developer\/Platforms\/iPhoneOS.platform\/Library\/Developer\/CoreSimulator\/Profiles\/DeviceTypes\/iPad Air (5th generation).simdevicetype",
          "name" : "iPad Air (5th generation)",
          "identifier" : "com.apple.CoreSimulator.SimDeviceType.iPad-Air-5th-generation",
          "productFamily" : "iPad"
        },
        {
          "bundlePath" : "\/Applications\/Xcode.app\/Contents\/Developer\/Platforms\/iPhoneOS.platform\/Library\/Developer\/CoreSimulator\/Profiles\/DeviceTypes\/iPad mini (6th generation).simdevicetype",
          "name" : "iPad mini (6th generation)",
          "identifier" : "com.apple.CoreSimulator.SimDeviceType.iPad-mini-6th-generation",
          "productFamily" : "iPad"
        },
        {
          "bundlePath" : "\/Applications\/Xcode.app\/Contents\/Developer\/Platforms\/iPhoneOS.platform\/Library\/Developer\/CoreSimulator\/Profiles\/DeviceTypes\/iPad Pro (11-inch) (3rd generation).simdevicetype",
          "name" : "iPad Pro (11-inch) (3rd generation)",
          "identifier" : "com.apple.CoreSimulator.SimDeviceType.iPad-Pro-11-inch-3rd-generation",
          "productFamily" : "iPad"
        },
        {
          "bundlePath" : "\/Applications\/Xcode.app\/Contents\/Developer\/Platforms\/iPhoneOS.platform\/Library\/Developer\/CoreSimulator\/Profiles\/DeviceTypes\/iPad Pro (12.9-inch) (5th generation).simdevicetype",
          "name" : "iPad Pro (12.9-inch) (5th generation)",
          "identifier" : "com.apple.CoreSimulator.SimDeviceType.iPad-Pro-12-9-inch-5th-generation",
          "productFamily" : "iPad"
        },
        {
          "bundlePath" : "\/Applications\/Xcode.app\/Contents\/Developer\/Platforms\/iPhoneOS.platform\/Library\/Developer\/CoreSimulator\/Profiles\/DeviceTypes\/iPad (9th generation).simdevicetype",
          "name" : "iPad (9th generation)",
          "identifier" : "com.apple.CoreSimulator.SimDeviceType.iPad-9th-generation",
          "productFamily" : "iPad"
        },
        {
          "bundlePath" : "\/Applications\/Xcode.app\/Contents\/Developer\/Platforms\/iPhoneOS.platform\/Library\/Developer\/CoreSimulator\/Profiles\/DeviceTypes\/iPad Air (4th generation).simdevicetype",
          "name" : "iPad Air (4th generation)",
          "identifier" : "com.apple.CoreSimulator.SimDeviceType.iPad-Air--4th-generation-",
          "productFamily" : "iPad"
        },
        {
          "bundlePath" : "\/Applications\/Xcode.app\/Contents\/Developer\/Platforms\/iPhoneOS.platform\/Library\/Developer\/CoreSimulator\/Profiles\/DeviceTypes\/iPad (8th generation).simdevicetype",
          "name" : "iPad (8th generation)",
          "identifier" : "com.apple.CoreSimulator.SimDeviceType.iPad--8th-generation-",
          "productFamily" : "iPad"
        },
        {
          "bundlePath" : "\/Applications\/Xcode.app\/Contents\/Developer\/Platforms\/iPhoneOS.platform\/Library\/Developer\/CoreSimulator\/Profiles\/DeviceTypes\/iPad Air (3rd generation).simdevicetype",
          "name" : "iPad Air (3rd generation)",
          "identifier" : "com.apple.CoreSimulator.SimDeviceType.iPad-Air--3rd-generation-",
          "productFamily" : "iPad"
        },
        {
          "bundlePath" : "\/Applications\/Xcode.app\/Contents\/Developer\/Platforms\/iPhoneOS.platform\/Library\/Developer\/CoreSimulator\/Profiles\/DeviceTypes\/iPad mini (5th generation).simdevicetype",
          "name" : "iPad mini (5th generation)",
          "identifier" : "com.apple.CoreSimulator.SimDeviceType.iPad-mini--5th-generation-",
          "productFamily" : "iPad"
        },
        {
          "bundlePath" : "\/Applications\/Xcode.app\/Contents\/Developer\/Platforms\/iPhoneOS.platform\/Library\/Developer\/CoreSimulator\/Profiles\/DeviceTypes\/iPad Pro (11-inch) (2nd generation).simdevicetype",
          "name" : "iPad Pro (11-inch) (2nd generation)",
          "identifier" : "com.apple.CoreSimulator.SimDeviceType.iPad-Pro--11-inch---2nd-generation-",
          "productFamily" : "iPad"
        },
        {
          "bundlePath" : "\/Applications\/Xcode.app\/Contents\/Developer\/Platforms\/iPhoneOS.platform\/Library\/Developer\/CoreSimulator\/Profiles\/DeviceTypes\/iPad Pro (12.9-inch) (4th generation).simdevicetype",
          "name" : "iPad Pro (12.9-inch) (4th generation)",
          "identifier" : "com.apple.CoreSimulator.SimDeviceType.iPad-Pro--12-9-inch---4th-generation-",
          "productFamily" : "iPad"
        },
        {
          "bundlePath" : "\/Applications\/Xcode.app\/Contents\/Developer\/Platforms\/iPhoneOS.platform\/Library\/Developer\/CoreSimulator\/Profiles\/DeviceTypes\/iPad Pro (11-inch) (1st generation).simdevicetype",
          "name" : "iPad Pro (11-inch) (1st generation)",
          "identifier" : "com.apple.CoreSimulator.SimDeviceType.iPad-Pro--11-inch-",
          "productFamily" : "iPad"
        },
        {
          "bundlePath" : "\/Applications\/Xcode.app\/Contents\/Developer\/Platforms\/iPhoneOS.platform\/Library\/Developer\/CoreSimulator\/Profiles\/DeviceTypes\/iPad Pro (12.9-inch) (3rd generation).simdevicetype",
          "name" : "iPad Pro (12.9-inch) (3rd generation)",
          "identifier" : "com.apple.CoreSimulator.SimDeviceType.iPad-Pro--12-9-inch---3rd-generation-",
          "productFamily" : "iPad"
        },
        {
          "bundlePath" : "\/Applications\/Xcode.app\/Contents\/Developer\/Platforms\/iPhoneOS.platform\/Library\/Developer\/CoreSimulator\/Profiles\/DeviceTypes\/iPad (7th generation).simdevicetype",
          "name" : "iPad (7th generation)",
          "identifier" : "com.apple.CoreSimulator.SimDeviceType.iPad--7th-generation-",
          "productFamily" : "iPad"
        }
      ]
    },
    "dataPath" : "\/Users\/mcamacho\/Library\/Developer\/CoreSimulator\/Devices\/1AF1D505-E4E6-45DD-B51A-54B2F3563FB2\/data",
    "lastBootedAt" : "2025-05-20T22:42:46Z",
    "deviceTypeIdentifier" : "com.apple.CoreSimulator.SimDeviceType.iPhone-16",
    "udid" : "1AF1D505-E4E6-45DD-B51A-54B2F3563FB2"
  }
]

10:29:38.738 detox[23697] [90mi[39m settled on 1AF1D505-E4E6-45DD-B51A-54B2F3563FB2
  data: {
    "id": "1AF1D505-E4E6-45DD-B51A-54B2F3563FB2",
    "udid": "1AF1D505-E4E6-45DD-B51A-54B2F3563FB2"
  }
10:29:38.738 detox[23697] [90mE[39m allocate
10:29:38.738 detox[23697] [90mB[39m post-allocate: 1AF1D505-E4E6-45DD-B51A-54B2F3563FB2
  data: {
    "id": "1AF1D505-E4E6-45DD-B51A-54B2F3563FB2",
    "udid": "1AF1D505-E4E6-45DD-B51A-54B2F3563FB2"
  }
10:29:38.739 detox[23697] [90mi[39m applesimutils --list --byId 1AF1D505-E4E6-45DD-B51A-54B2F3563FB2 --maxResults 1
10:29:38.873 detox[23697] [90mi[39m [
  {
    "isAvailable" : true,
    "logPath" : "\/Users\/mcamacho\/Library\/Logs\/CoreSimulator\/1AF1D505-E4E6-45DD-B51A-54B2F3563FB2",
    "logPathSize" : 1110016,
    "state" : "Shutdown",
    "name" : "iPhone 16",
    "dataPathSize" : 6549594112,
    "deviceType" : {
      "maxRuntimeVersion" : 4294967295,
      "bundlePath" : "\/Applications\/Xcode.app\/Contents\/Developer\/Platforms\/iPhoneOS.platform\/Library\/Developer\/CoreSimulator\/Profiles\/DeviceTypes\/iPhone 16.simdevicetype",
      "maxRuntimeVersionString" : "65535.255.255",
      "name" : "iPhone 16",
      "identifier" : "com.apple.CoreSimulator.SimDeviceType.iPhone-16",
      "productFamily" : "iPhone",
      "modelIdentifier" : "iPhone17,3",
      "minRuntimeVersionString" : "18.0.0",
      "minRuntimeVersion" : 1179648
    },
    "os" : {
      "bundlePath" : "\/Library\/Developer\/CoreSimulator\/Volumes\/iOS_22C150\/Library\/Developer\/CoreSimulator\/Profiles\/Runtimes\/iOS 18.2.simruntime",
      "buildversion" : "22C150",
      "platform" : "iOS",
      "runtimeRoot" : "\/Library\/Developer\/CoreSimulator\/Volumes\/iOS_22C150\/Library\/Developer\/CoreSimulator\/Profiles\/Runtimes\/iOS 18.2.simruntime\/Contents\/Resources\/RuntimeRoot",
      "identifier" : "com.apple.CoreSimulator.SimRuntime.iOS-18-2",
      "version" : "18.2",
      "isInternal" : false,
      "isAvailable" : true,
      "name" : "iOS 18.2",
      "supportedDeviceTypes" : [
        {
          "bundlePath" : "\/Applications\/Xcode.app\/Contents\/Developer\/Platforms\/iPhoneOS.platform\/Library\/Developer\/CoreSimulator\/Profiles\/DeviceTypes\/iPhone 16 Pro.simdevicetype",
          "name" : "iPhone 16 Pro",
          "identifier" : "com.apple.CoreSimulator.SimDeviceType.iPhone-16-Pro",
          "productFamily" : "iPhone"
        },
        {
          "bundlePath" : "\/Applications\/Xcode.app\/Contents\/Developer\/Platforms\/iPhoneOS.platform\/Library\/Developer\/CoreSimulator\/Profiles\/DeviceTypes\/iPhone 16 Pro Max.simdevicetype",
          "name" : "iPhone 16 Pro Max",
          "identifier" : "com.apple.CoreSimulator.SimDeviceType.iPhone-16-Pro-Max",
          "productFamily" : "iPhone"
        },
        {
          "bundlePath" : "\/Applications\/Xcode.app\/Contents\/Developer\/Platforms\/iPhoneOS.platform\/Library\/Developer\/CoreSimulator\/Profiles\/DeviceTypes\/iPhone 16.simdevicetype",
          "name" : "iPhone 16",
          "identifier" : "com.apple.CoreSimulator.SimDeviceType.iPhone-16",
          "productFamily" : "iPhone"
        },
        {
          "bundlePath" : "\/Applications\/Xcode.app\/Contents\/Developer\/Platforms\/iPhoneOS.platform\/Library\/Developer\/CoreSimulator\/Profiles\/DeviceTypes\/iPhone 16 Plus.simdevicetype",
          "name" : "iPhone 16 Plus",
          "identifier" : "com.apple.CoreSimulator.SimDeviceType.iPhone-16-Plus",
          "productFamily" : "iPhone"
        },
        {
          "bundlePath" : "\/Applications\/Xcode.app\/Contents\/Developer\/Platforms\/iPhoneOS.platform\/Library\/Developer\/CoreSimulator\/Profiles\/DeviceTypes\/iPhone 15 Pro.simdevicetype",
          "name" : "iPhone 15 Pro",
          "identifier" : "com.apple.CoreSimulator.SimDeviceType.iPhone-15-Pro",
          "productFamily" : "iPhone"
        },
        {
          "bundlePath" : "\/Applications\/Xcode.app\/Contents\/Developer\/Platforms\/iPhoneOS.platform\/Library\/Developer\/CoreSimulator\/Profiles\/DeviceTypes\/iPhone 15 Pro Max.simdevicetype",
          "name" : "iPhone 15 Pro Max",
          "identifier" : "com.apple.CoreSimulator.SimDeviceType.iPhone-15-Pro-Max",
          "productFamily" : "iPhone"
        },
        {
          "bundlePath" : "\/Applications\/Xcode.app\/Contents\/Developer\/Platforms\/iPhoneOS.platform\/Library\/Developer\/CoreSimulator\/Profiles\/DeviceTypes\/iPhone 15.simdevicetype",
          "name" : "iPhone 15",
          "identifier" : "com.apple.CoreSimulator.SimDeviceType.iPhone-15",
          "productFamily" : "iPhone"
        },
        {
          "bundlePath" : "\/Applications\/Xcode.app\/Contents\/Developer\/Platforms\/iPhoneOS.platform\/Library\/Developer\/CoreSimulator\/Profiles\/DeviceTypes\/iPhone 15 Plus.simdevicetype",
          "name" : "iPhone 15 Plus",
          "identifier" : "com.apple.CoreSimulator.SimDeviceType.iPhone-15-Plus",
          "productFamily" : "iPhone"
        },
        {
          "bundlePath" : "\/Applications\/Xcode.app\/Contents\/Developer\/Platforms\/iPhoneOS.platform\/Library\/Developer\/CoreSimulator\/Profiles\/DeviceTypes\/iPhone 14 Pro.simdevicetype",
          "name" : "iPhone 14 Pro",
          "identifier" : "com.apple.CoreSimulator.SimDeviceType.iPhone-14-Pro",
          "productFamily" : "iPhone"
        },
        {
          "bundlePath" : "\/Applications\/Xcode.app\/Contents\/Developer\/Platforms\/iPhoneOS.platform\/Library\/Developer\/CoreSimulator\/Profiles\/DeviceTypes\/iPhone 14 Pro Max.simdevicetype",
          "name" : "iPhone 14 Pro Max",
          "identifier" : "com.apple.CoreSimulator.SimDeviceType.iPhone-14-Pro-Max",
          "productFamily" : "iPhone"
        },
        {
          "bundlePath" : "\/Applications\/Xcode.app\/Contents\/Developer\/Platforms\/iPhoneOS.platform\/Library\/Developer\/CoreSimulator\/Profiles\/DeviceTypes\/iPhone 14.simdevicetype",
          "name" : "iPhone 14",
          "identifier" : "com.apple.CoreSimulator.SimDeviceType.iPhone-14",
          "productFamily" : "iPhone"
        },
        {
          "bundlePath" : "\/Applications\/Xcode.app\/Contents\/Developer\/Platforms\/iPhoneOS.platform\/Library\/Developer\/CoreSimulator\/Profiles\/DeviceTypes\/iPhone 14 Plus.simdevicetype",
          "name" : "iPhone 14 Plus",
          "identifier" : "com.apple.CoreSimulator.SimDeviceType.iPhone-14-Plus",
          "productFamily" : "iPhone"
        },
        {
          "bundlePath" : "\/Applications\/Xcode.app\/Contents\/Developer\/Platforms\/iPhoneOS.platform\/Library\/Developer\/CoreSimulator\/Profiles\/DeviceTypes\/iPhone SE (3rd generation).simdevicetype",
          "name" : "iPhone SE (3rd generation)",
          "identifier" : "com.apple.CoreSimulator.SimDeviceType.iPhone-SE-3rd-generation",
          "productFamily" : "iPhone"
        },
        {
          "bundlePath" : "\/Applications\/Xcode.app\/Contents\/Developer\/Platforms\/iPhoneOS.platform\/Library\/Developer\/CoreSimulator\/Profiles\/DeviceTypes\/iPhone 13 Pro.simdevicetype",
          "name" : "iPhone 13 Pro",
          "identifier" : "com.apple.CoreSimulator.SimDeviceType.iPhone-13-Pro",
          "productFamily" : "iPhone"
        },
        {
          "bundlePath" : "\/Applications\/Xcode.app\/Contents\/Developer\/Platforms\/iPhoneOS.platform\/Library\/Developer\/CoreSimulator\/Profiles\/DeviceTypes\/iPhone 13 Pro Max.simdevicetype",
          "name" : "iPhone 13 Pro Max",
          "identifier" : "com.apple.CoreSimulator.SimDeviceType.iPhone-13-Pro-Max",
          "productFamily" : "iPhone"
        },
        {
          "bundlePath" : "\/Applications\/Xcode.app\/Contents\/Developer\/Platforms\/iPhoneOS.platform\/Library\/Developer\/CoreSimulator\/Profiles\/DeviceTypes\/iPhone 13.simdevicetype",
          "name" : "iPhone 13",
          "identifier" : "com.apple.CoreSimulator.SimDeviceType.iPhone-13",
          "productFamily" : "iPhone"
        },
        {
          "bundlePath" : "\/Applications\/Xcode.app\/Contents\/Developer\/Platforms\/iPhoneOS.platform\/Library\/Developer\/CoreSimulator\/Profiles\/DeviceTypes\/iPhone 13 mini.simdevicetype",
          "name" : "iPhone 13 mini",
          "identifier" : "com.apple.CoreSimulator.SimDeviceType.iPhone-13-mini",
          "productFamily" : "iPhone"
        },
        {
          "bundlePath" : "\/Applications\/Xcode.app\/Contents\/Developer\/Platforms\/iPhoneOS.platform\/Library\/Developer\/CoreSimulator\/Profiles\/DeviceTypes\/iPhone 12 Pro.simdevicetype",
          "name" : "iPhone 12 Pro",
          "identifier" : "com.apple.CoreSimulator.SimDeviceType.iPhone-12-Pro",
          "productFamily" : "iPhone"
        },
        {
          "bundlePath" : "\/Applications\/Xcode.app\/Contents\/Developer\/Platforms\/iPhoneOS.platform\/Library\/Developer\/CoreSimulator\/Profiles\/DeviceTypes\/iPhone 12 Pro Max.simdevicetype",
          "name" : "iPhone 12 Pro Max",
          "identifier" : "com.apple.CoreSimulator.SimDeviceType.iPhone-12-Pro-Max",
          "productFamily" : "iPhone"
        },
        {
          "bundlePath" : "\/Applications\/Xcode.app\/Contents\/Developer\/Platforms\/iPhoneOS.platform\/Library\/Developer\/CoreSimulator\/Profiles\/DeviceTypes\/iPhone 12.simdevicetype",
          "name" : "iPhone 12",
          "identifier" : "com.apple.CoreSimulator.SimDeviceType.iPhone-12",
          "productFamily" : "iPhone"
        },
        {
          "bundlePath" : "\/Applications\/Xcode.app\/Contents\/Developer\/Platforms\/iPhoneOS.platform\/Library\/Developer\/CoreSimulator\/Profiles\/DeviceTypes\/iPhone 12 mini.simdevicetype",
          "name" : "iPhone 12 mini",
          "identifier" : "com.apple.CoreSimulator.SimDeviceType.iPhone-12-mini",
          "productFamily" : "iPhone"
        },
        {
          "bundlePath" : "\/Applications\/Xcode.app\/Contents\/Developer\/Platforms\/iPhoneOS.platform\/Library\/Developer\/CoreSimulator\/Profiles\/DeviceTypes\/iPhone SE (2nd generation).simdevicetype",
          "name" : "iPhone SE (2nd generation)",
          "identifier" : "com.apple.CoreSimulator.SimDeviceType.iPhone-SE--2nd-generation-",
          "productFamily" : "iPhone"
        },
        {
          "bundlePath" : "\/Applications\/Xcode.app\/Contents\/Developer\/Platforms\/iPhoneOS.platform\/Library\/Developer\/CoreSimulator\/Profiles\/DeviceTypes\/iPhone 11 Pro.simdevicetype",
          "name" : "iPhone 11 Pro",
          "identifier" : "com.apple.CoreSimulator.SimDeviceType.iPhone-11-Pro",
          "productFamily" : "iPhone"
        },
        {
          "bundlePath" : "\/Applications\/Xcode.app\/Contents\/Developer\/Platforms\/iPhoneOS.platform\/Library\/Developer\/CoreSimulator\/Profiles\/DeviceTypes\/iPhone 11 Pro Max.simdevicetype",
          "name" : "iPhone 11 Pro Max",
          "identifier" : "com.apple.CoreSimulator.SimDeviceType.iPhone-11-Pro-Max",
          "productFamily" : "iPhone"
        },
        {
          "bundlePath" : "\/Applications\/Xcode.app\/Contents\/Developer\/Platforms\/iPhoneOS.platform\/Library\/Developer\/CoreSimulator\/Profiles\/DeviceTypes\/iPhone 11.simdevicetype",
          "name" : "iPhone 11",
          "identifier" : "com.apple.CoreSimulator.SimDeviceType.iPhone-11",
          "productFamily" : "iPhone"
        },
        {
          "bundlePath" : "\/Applications\/Xcode.app\/Contents\/Developer\/Platforms\/iPhoneOS.platform\/Library\/Developer\/CoreSimulator\/Profiles\/DeviceTypes\/iPhone Xʀ.simdevicetype",
          "name" : "iPhone Xʀ",
          "identifier" : "com.apple.CoreSimulator.SimDeviceType.iPhone-XR",
          "productFamily" : "iPhone"
        },
        {
          "bundlePath" : "\/Applications\/Xcode.app\/Contents\/Developer\/Platforms\/iPhoneOS.platform\/Library\/Developer\/CoreSimulator\/Profiles\/DeviceTypes\/iPhone Xs.simdevicetype",
          "name" : "iPhone Xs",
          "identifier" : "com.apple.CoreSimulator.SimDeviceType.iPhone-XS",
          "productFamily" : "iPhone"
        },
        {
          "bundlePath" : "\/Applications\/Xcode.app\/Contents\/Developer\/Platforms\/iPhoneOS.platform\/Library\/Developer\/CoreSimulator\/Profiles\/DeviceTypes\/iPhone Xs Max.simdevicetype",
          "name" : "iPhone Xs Max",
          "identifier" : "com.apple.CoreSimulator.SimDeviceType.iPhone-XS-Max",
          "productFamily" : "iPhone"
        },
        {
          "bundlePath" : "\/Applications\/Xcode.app\/Contents\/Developer\/Platforms\/iPhoneOS.platform\/Library\/Developer\/CoreSimulator\/Profiles\/DeviceTypes\/iPad Pro 11-inch (M4) (16GB).simdevicetype",
          "name" : "iPad Pro 11-inch (M4) (16GB)",
          "identifier" : "com.apple.CoreSimulator.SimDeviceType.iPad-Pro-11-inch-M4-16GB",
          "productFamily" : "iPad"
        },
        {
          "bundlePath" : "\/Applications\/Xcode.app\/Contents\/Developer\/Platforms\/iPhoneOS.platform\/Library\/Developer\/CoreSimulator\/Profiles\/DeviceTypes\/iPad Pro 11-inch (M4).simdevicetype",
          "name" : "iPad Pro 11-inch (M4)",
          "identifier" : "com.apple.CoreSimulator.SimDeviceType.iPad-Pro-11-inch-M4-8GB",
          "productFamily" : "iPad"
        },
        {
          "bundlePath" : "\/Applications\/Xcode.app\/Contents\/Developer\/Platforms\/iPhoneOS.platform\/Library\/Developer\/CoreSimulator\/Profiles\/DeviceTypes\/iPad Pro 13-inch (M4) (16GB).simdevicetype",
          "name" : "iPad Pro 13-inch (M4) (16GB)",
          "identifier" : "com.apple.CoreSimulator.SimDeviceType.iPad-Pro-13-inch-M4-16GB",
          "productFamily" : "iPad"
        },
        {
          "bundlePath" : "\/Applications\/Xcode.app\/Contents\/Developer\/Platforms\/iPhoneOS.platform\/Library\/Developer\/CoreSimulator\/Profiles\/DeviceTypes\/iPad Pro 13-inch (M4).simdevicetype",
          "name" : "iPad Pro 13-inch (M4)",
          "identifier" : "com.apple.CoreSimulator.SimDeviceType.iPad-Pro-13-inch-M4-8GB",
          "productFamily" : "iPad"
        },
        {
          "bundlePath" : "\/Applications\/Xcode.app\/Contents\/Developer\/Platforms\/iPhoneOS.platform\/Library\/Developer\/CoreSimulator\/Profiles\/DeviceTypes\/iPad Air 11-inch (M2).simdevicetype",
          "name" : "iPad Air 11-inch (M2)",
          "identifier" : "com.apple.CoreSimulator.SimDeviceType.iPad-Air-11-inch-M2",
          "productFamily" : "iPad"
        },
        {
          "bundlePath" : "\/Applications\/Xcode.app\/Contents\/Developer\/Platforms\/iPhoneOS.platform\/Library\/Developer\/CoreSimulator\/Profiles\/DeviceTypes\/iPad Air 13-inch (M2).simdevicetype",
          "name" : "iPad Air 13-inch (M2)",
          "identifier" : "com.apple.CoreSimulator.SimDeviceType.iPad-Air-13-inch-M2",
          "productFamily" : "iPad"
        },
        {
          "bundlePath" : "\/Applications\/Xcode.app\/Contents\/Developer\/Platforms\/iPhoneOS.platform\/Library\/Developer\/CoreSimulator\/Profiles\/DeviceTypes\/iPad mini (A17 Pro).simdevicetype",
          "name" : "iPad mini (A17 Pro)",
          "identifier" : "com.apple.CoreSimulator.SimDeviceType.iPad-mini-A17-Pro",
          "productFamily" : "iPad"
        },
        {
          "bundlePath" : "\/Applications\/Xcode.app\/Contents\/Developer\/Platforms\/iPhoneOS.platform\/Library\/Developer\/CoreSimulator\/Profiles\/DeviceTypes\/iPad Pro (11-inch) (4th generation) (16GB).simdevicetype",
          "name" : "iPad Pro (11-inch) (4th generation) (16GB)",
          "identifier" : "com.apple.CoreSimulator.SimDeviceType.iPad-Pro-11-inch-4th-generation-16GB",
          "productFamily" : "iPad"
        },
        {
          "bundlePath" : "\/Applications\/Xcode.app\/Contents\/Developer\/Platforms\/iPhoneOS.platform\/Library\/Developer\/CoreSimulator\/Profiles\/DeviceTypes\/iPad Pro (11-inch) (4th generation).simdevicetype",
          "name" : "iPad Pro (11-inch) (4th generation)",
          "identifier" : "com.apple.CoreSimulator.SimDeviceType.iPad-Pro-11-inch-4th-generation-8GB",
          "productFamily" : "iPad"
        },
        {
          "bundlePath" : "\/Applications\/Xcode.app\/Contents\/Developer\/Platforms\/iPhoneOS.platform\/Library\/Developer\/CoreSimulator\/Profiles\/DeviceTypes\/iPad Pro (12.9-inch) (6th generation) (16GB).simdevicetype",
          "name" : "iPad Pro (12.9-inch) (6th generation) (16GB)",
          "identifier" : "com.apple.CoreSimulator.SimDeviceType.iPad-Pro-12-9-inch-6th-generation-16GB",
          "productFamily" : "iPad"
        },
        {
          "bundlePath" : "\/Applications\/Xcode.app\/Contents\/Developer\/Platforms\/iPhoneOS.platform\/Library\/Developer\/CoreSimulator\/Profiles\/DeviceTypes\/iPad Pro (12.9-inch) (6th generation).simdevicetype",
          "name" : "iPad Pro (12.9-inch) (6th generation)",
          "identifier" : "com.apple.CoreSimulator.SimDeviceType.iPad-Pro-12-9-inch-6th-generation-8GB",
          "productFamily" : "iPad"
        },
        {
          "bundlePath" : "\/Applications\/Xcode.app\/Contents\/Developer\/Platforms\/iPhoneOS.platform\/Library\/Developer\/CoreSimulator\/Profiles\/DeviceTypes\/iPad (10th generation).simdevicetype",
          "name" : "iPad (10th generation)",
          "identifier" : "com.apple.CoreSimulator.SimDeviceType.iPad-10th-generation",
          "productFamily" : "iPad"
        },
        {
          "bundlePath" : "\/Applications\/Xcode.app\/Contents\/Developer\/Platforms\/iPhoneOS.platform\/Library\/Developer\/CoreSimulator\/Profiles\/DeviceTypes\/iPad Air (5th generation).simdevicetype",
          "name" : "iPad Air (5th generation)",
          "identifier" : "com.apple.CoreSimulator.SimDeviceType.iPad-Air-5th-generation",
          "productFamily" : "iPad"
        },
        {
          "bundlePath" : "\/Applications\/Xcode.app\/Contents\/Developer\/Platforms\/iPhoneOS.platform\/Library\/Developer\/CoreSimulator\/Profiles\/DeviceTypes\/iPad mini (6th generation).simdevicetype",
          "name" : "iPad mini (6th generation)",
          "identifier" : "com.apple.CoreSimulator.SimDeviceType.iPad-mini-6th-generation",
          "productFamily" : "iPad"
        },
        {
          "bundlePath" : "\/Applications\/Xcode.app\/Contents\/Developer\/Platforms\/iPhoneOS.platform\/Library\/Developer\/CoreSimulator\/Profiles\/DeviceTypes\/iPad Pro (11-inch) (3rd generation).simdevicetype",
          "name" : "iPad Pro (11-inch) (3rd generation)",
          "identifier" : "com.apple.CoreSimulator.SimDeviceType.iPad-Pro-11-inch-3rd-generation",
          "productFamily" : "iPad"
        },
        {
          "bundlePath" : "\/Applications\/Xcode.app\/Contents\/Developer\/Platforms\/iPhoneOS.platform\/Library\/Developer\/CoreSimulator\/Profiles\/DeviceTypes\/iPad Pro (12.9-inch) (5th generation).simdevicetype",
          "name" : "iPad Pro (12.9-inch) (5th generation)",
          "identifier" : "com.apple.CoreSimulator.SimDeviceType.iPad-Pro-12-9-inch-5th-generation",
          "productFamily" : "iPad"
        },
        {
          "bundlePath" : "\/Applications\/Xcode.app\/Contents\/Developer\/Platforms\/iPhoneOS.platform\/Library\/Developer\/CoreSimulator\/Profiles\/DeviceTypes\/iPad (9th generation).simdevicetype",
          "name" : "iPad (9th generation)",
          "identifier" : "com.apple.CoreSimulator.SimDeviceType.iPad-9th-generation",
          "productFamily" : "iPad"
        },
        {
          "bundlePath" : "\/Applications\/Xcode.app\/Contents\/Developer\/Platforms\/iPhoneOS.platform\/Library\/Developer\/CoreSimulator\/Profiles\/DeviceTypes\/iPad Air (4th generation).simdevicetype",
          "name" : "iPad Air (4th generation)",
          "identifier" : "com.apple.CoreSimulator.SimDeviceType.iPad-Air--4th-generation-",
          "productFamily" : "iPad"
        },
        {
          "bundlePath" : "\/Applications\/Xcode.app\/Contents\/Developer\/Platforms\/iPhoneOS.platform\/Library\/Developer\/CoreSimulator\/Profiles\/DeviceTypes\/iPad (8th generation).simdevicetype",
          "name" : "iPad (8th generation)",
          "identifier" : "com.apple.CoreSimulator.SimDeviceType.iPad--8th-generation-",
          "productFamily" : "iPad"
        },
        {
          "bundlePath" : "\/Applications\/Xcode.app\/Contents\/Developer\/Platforms\/iPhoneOS.platform\/Library\/Developer\/CoreSimulator\/Profiles\/DeviceTypes\/iPad Air (3rd generation).simdevicetype",
          "name" : "iPad Air (3rd generation)",
          "identifier" : "com.apple.CoreSimulator.SimDeviceType.iPad-Air--3rd-generation-",
          "productFamily" : "iPad"
        },
        {
          "bundlePath" : "\/Applications\/Xcode.app\/Contents\/Developer\/Platforms\/iPhoneOS.platform\/Library\/Developer\/CoreSimulator\/Profiles\/DeviceTypes\/iPad mini (5th generation).simdevicetype",
          "name" : "iPad mini (5th generation)",
          "identifier" : "com.apple.CoreSimulator.SimDeviceType.iPad-mini--5th-generation-",
          "productFamily" : "iPad"
        },
        {
          "bundlePath" : "\/Applications\/Xcode.app\/Contents\/Developer\/Platforms\/iPhoneOS.platform\/Library\/Developer\/CoreSimulator\/Profiles\/DeviceTypes\/iPad Pro (11-inch) (2nd generation).simdevicetype",
          "name" : "iPad Pro (11-inch) (2nd generation)",
          "identifier" : "com.apple.CoreSimulator.SimDeviceType.iPad-Pro--11-inch---2nd-generation-",
          "productFamily" : "iPad"
        },
        {
          "bundlePath" : "\/Applications\/Xcode.app\/Contents\/Developer\/Platforms\/iPhoneOS.platform\/Library\/Developer\/CoreSimulator\/Profiles\/DeviceTypes\/iPad Pro (12.9-inch) (4th generation).simdevicetype",
          "name" : "iPad Pro (12.9-inch) (4th generation)",
          "identifier" : "com.apple.CoreSimulator.SimDeviceType.iPad-Pro--12-9-inch---4th-generation-",
          "productFamily" : "iPad"
        },
        {
          "bundlePath" : "\/Applications\/Xcode.app\/Contents\/Developer\/Platforms\/iPhoneOS.platform\/Library\/Developer\/CoreSimulator\/Profiles\/DeviceTypes\/iPad Pro (11-inch) (1st generation).simdevicetype",
          "name" : "iPad Pro (11-inch) (1st generation)",
          "identifier" : "com.apple.CoreSimulator.SimDeviceType.iPad-Pro--11-inch-",
          "productFamily" : "iPad"
        },
        {
          "bundlePath" : "\/Applications\/Xcode.app\/Contents\/Developer\/Platforms\/iPhoneOS.platform\/Library\/Developer\/CoreSimulator\/Profiles\/DeviceTypes\/iPad Pro (12.9-inch) (3rd generation).simdevicetype",
          "name" : "iPad Pro (12.9-inch) (3rd generation)",
          "identifier" : "com.apple.CoreSimulator.SimDeviceType.iPad-Pro--12-9-inch---3rd-generation-",
          "productFamily" : "iPad"
        },
        {
          "bundlePath" : "\/Applications\/Xcode.app\/Contents\/Developer\/Platforms\/iPhoneOS.platform\/Library\/Developer\/CoreSimulator\/Profiles\/DeviceTypes\/iPad (7th generation).simdevicetype",
          "name" : "iPad (7th generation)",
          "identifier" : "com.apple.CoreSimulator.SimDeviceType.iPad--7th-generation-",
          "productFamily" : "iPad"
        }
      ]
    },
    "dataPath" : "\/Users\/mcamacho\/Library\/Developer\/CoreSimulator\/Devices\/1AF1D505-E4E6-45DD-B51A-54B2F3563FB2\/data",
    "lastBootedAt" : "2025-05-20T22:42:46Z",
    "deviceTypeIdentifier" : "com.apple.CoreSimulator.SimDeviceType.iPhone-16",
    "udid" : "1AF1D505-E4E6-45DD-B51A-54B2F3563FB2"
  }
]

10:29:38.873 detox[23697] [90mi[39m /usr/bin/xcrun simctl boot 1AF1D505-E4E6-45DD-B51A-54B2F3563FB2 
10:29:38.873 detox[23697] [90mi[39m Booting device 1AF1D505-E4E6-45DD-B51A-54B2F3563FB2...
10:30:01.659 detox[23697] [90mi[39m 
10:30:01.659 detox[23697] [90mi[39m /usr/bin/xcrun simctl bootstatus 1AF1D505-E4E6-45DD-B51A-54B2F3563FB2
10:30:26.789 detox[23697] [90mi[39m Monitoring boot status for iPhone 16 (1AF1D505-E4E6-45DD-B51A-54B2F3563FB2).
[2025-05-21 16:30:15 +0000] Status=4, isTerminal=NO, Elapsed=00:36.
	Waiting on System App

[2025-05-21 16:30:15 +0000] Status=4, isTerminal=NO, Elapsed=00:36.
	Waiting on System App

[2025-05-21 16:30:16 +0000] Status=4, isTerminal=NO, Elapsed=00:37.
	Waiting on System App

[2025-05-21 16:30:18 +0000] Status=4, isTerminal=NO, Elapsed=00:38.
	Waiting on System App

[2025-05-21 16:30:18 +0000] Status=4, isTerminal=NO, Elapsed=00:39.
	Waiting on System App

[2025-05-21 16:30:19 +0000] Status=4, isTerminal=NO, Elapsed=00:40.
	Waiting on System App

[2025-05-21 16:30:21 +0000] Status=4, isTerminal=NO, Elapsed=00:41.
	Waiting on System App

[2025-05-21 16:30:22 +0000] Status=4, isTerminal=NO, Elapsed=00:42.
	Waiting on System App

[2025-05-21 16:30:23 +0000] Status=4, isTerminal=NO, Elapsed=00:43.
	Waiting on System App

[2025-05-21 16:30:23 +0000] Status=4, isTerminal=NO, Elapsed=00:44.
	Waiting on System App

[2025-05-21 16:30:24 +0000] Status=4, isTerminal=NO, Elapsed=00:45.
	Waiting on System App

[2025-05-21 16:30:25 +0000] Status=4, isTerminal=NO, Elapsed=00:46.
	Waiting on System App

[2025-05-21 16:30:26 +0000] Status=4294967295, isTerminal=YES, Elapsed=00:47.
	Finished


10:30:26.795 detox[23697] [90mE[39m post-allocate: 1AF1D505-E4E6-45DD-B51A-54B2F3563FB2
10:30:26.795 detox[23697] [90mi[39m dispatching event to socket  :  allocateDeviceDone {
  deviceCookie: {
    id: '1AF1D505-E4E6-45DD-B51A-54B2F3563FB2',
    udid: '1AF1D505-E4E6-45DD-B51A-54B2F3563FB2',
    type: 'ios.simulator',
    bootArgs: undefined,
    headless: true
  }
}
10:30:26.800 detox[23704] [90mi[39m ## received events ##
10:30:26.803 detox[23704] [90mi[39m detected event allocateDeviceDone {
  deviceCookie: {
    id: '1AF1D505-E4E6-45DD-B51A-54B2F3563FB2',
    udid: '1AF1D505-E4E6-45DD-B51A-54B2F3563FB2',
    type: 'ios.simulator',
    headless: true
  }
}
10:30:26.897 detox[23704] [90mB[39m onBootDevice
  args: ({"deviceId":"1AF1D505-E4E6-45DD-B51A-54B2F3563FB2"})
10:30:26.898 detox[23704] [90mE[39m onBootDevice
10:30:26.905 detox[23704] [90mB[39m installUtilBinaries
  args: ()
10:30:26.905 detox[23704] [90mE[39m installUtilBinaries
10:30:26.906 detox[23704] [90mB[39m selectApp
  args: ("default")
10:30:26.909 detox[23704] [90mE[39m selectApp
  error: Failed to find the app binary at:
  /Users/mcamacho/Projects/detox-demo-github-actions/ios/build/Build/Products/Release-iphonesimulator/detoxdemogithubactions.app
  
  HINT: Make sure that:
  1. You built the app before running tests:
    detox build -c <your-configuration-name>
  2. The app binary can be found at the given path.
10:30:26.909 detox[23704] [90mE[39m set up environment
  error: Failed to find the app binary at:
  /Users/mcamacho/Projects/detox-demo-github-actions/ios/build/Build/Products/Release-iphonesimulator/detoxdemogithubactions.app
  
  HINT: Make sure that:
  1. You built the app before running tests:
    detox build -c <your-configuration-name>
  2. The app binary can be found at the given path.
10:30:26.910 detox[23704] [90mB[39m tear down environment
10:30:26.911 detox[23704] [90mB[39m onBeforeCleanup
  args: ()
10:30:26.918 detox[23704] [90mi[39m saving FileArtifact to: e2e/artifacts/ios.release.2025-05-21 16-29-35Z/detox_pid_23704.json.log { append: true }
10:30:26.919 detox[23704] [90mi[39m saving FileArtifact to: e2e/artifacts/ios.release.2025-05-21 16-29-35Z/detox_pid_23704.log { append: true }
10:30:26.919 detox[23704] [90mE[39m onBeforeCleanup
10:30:26.926 detox[23704] [90mi[39m dispatching event to  primary-23697 /tmp/detox.primary-23697  :  deallocateDevice , {
  deviceCookie: {
    id: '1AF1D505-E4E6-45DD-B51A-54B2F3563FB2',
    udid: '1AF1D505-E4E6-45DD-B51A-54B2F3563FB2',
    type: 'ios.simulator',
    headless: true
  }
}
10:30:26.927 detox[23697] [90mi[39m tester exited session 46939391-2fde-03a6-5cb6-c091c6513d89
10:30:26.927 detox[23697] [90mE[39m connection :65052<->:65057
10:30:26.927 detox[23697] [90mi[39m received event of :  deallocateDevice {
  deviceCookie: {
    id: '1AF1D505-E4E6-45DD-B51A-54B2F3563FB2',
    udid: '1AF1D505-E4E6-45DD-B51A-54B2F3563FB2',
    type: 'ios.simulator',
    headless: true
  }
}
10:30:26.927 detox[23697] [90mB[39m free: 1AF1D505-E4E6-45DD-B51A-54B2F3563FB2
  data: {}
10:30:26.930 detox[23697] [90mE[39m free: 1AF1D505-E4E6-45DD-B51A-54B2F3563FB2
10:30:26.930 detox[23697] [90mi[39m dispatching event to socket  :  deallocateDeviceDone {}
10:30:26.930 detox[23704] [90mi[39m ## received events ##
10:30:26.930 detox[23704] [90mi[39m detected event deallocateDeviceDone {}
10:30:26.931 detox[23704] [90mE[39m tear down environment
10:30:26.931 detox[23704] [90mE[39m e2e/tests/Flujo de inicio de sesión/workshopRobot.test.ts
10:30:26.963 detox[23704] [90mi[39m connection closed primary-23697 /tmp/detox.primary-23697 0 tries remaining of 0
10:30:26.964 detox[23697] [90mi[39m socket disconnected secondary-23704
10:30:26.964 detox[23704] [90mi[39m secondary-23704 exceeded connection rety amount of  or stopRetrying flag set.
10:30:27.106 detox[23697] [90mE[39m Command failed with exit code = 1:
jest --config e2e/jest.config.js e2e/tests/Flujo\ de\ inicio\ de\ sesión/workshopRobot.test.ts
10:30:27.107 detox[23697] [90mB[39m cleanup
  args: ()
10:30:27.108 detox[23697] [90mE[39m cleanup
10:30:27.109 detox[23697] [90mi[39m Detox server has been closed gracefully
10:30:27.113 detox[23697] [90mE[39m node_modules/detox/local-cli/cli.js test --configuration ios.release --headless --record-logs all e2e/tests/Flujo de inicio de sesión/workshopRobot.test.ts
