10:35:30.987 detox[33368] [90mB[39m node_modules/detox/local-cli/cli.js test --configuration ios.release --headless --record-logs all --testPathPattern=e2e/login.e2e.js
  data: {
    "id": "708894a0-db6f-517a-f67c-10d0ea720ba9",
    "detoxConfig": {
      "configurationName": "ios.release",
      "apps": {
        "default": {
          "type": "ios.app",
          "binaryPath": "ios/build/Build/Products/Release-iphonesimulator/detoxdemogithubactions.app",
          "build": "xcodebuild -workspace ios/detoxdemogithubactions.xcworkspace -scheme detoxdemogithubactions -sdk iphonesimulator -configuration Release -derivedDataPath ios/build"
        }
      },
      "artifacts": {
        "rootDir": "e2e/artifacts/ios.release.2025-05-21 16-35-30Z",
        "plugins": {
          "log": {
            "enabled": true,
            "keepOnlyFailedTestsArtifacts": false
          },
          "screenshot": {
            "shouldTakeAutomaticSnapshots": true,
            "keepOnlyFailedTestsArtifacts": false,
            "takeWhen": {
              "testStart": true,
              "testDone": true
            },
            "enabled": true
          },
          "video": {
            "enabled": false,
            "keepOnlyFailedTestsArtifacts": false
          },
          "instruments": {
            "enabled": false,
            "keepOnlyFailedTestsArtifacts": false
          },
          "uiHierarchy": {
            "enabled": false,
            "keepOnlyFailedTestsArtifacts": false
          }
        }
      },
      "behavior": {
        "init": {
          "keepLockFile": false,
          "reinstallApp": true,
          "exposeGlobals": true
        },
        "cleanup": {
          "shutdownDevice": false
        },
        "launchApp": "auto"
      },
      "cli": {
        "recordLogs": "all",
        "configuration": "ios.release",
        "headless": true,
        "start": true
      },
      "commands": [
        {
          "appName": "default",
          "build": "xcodebuild -workspace ios/detoxdemogithubactions.xcworkspace -scheme detoxdemogithubactions -sdk iphonesimulator -configuration Release -derivedDataPath ios/build"
        }
      ],
      "device": {
        "type": "ios.simulator",
        "device": {
          "name": "iPhone 16",
          "type": "iPhone 16",
          "os": "iOS 18.2"
        },
        "headless": true
      },
      "logger": {
        "level": "info",
        "overrideConsole": true,
        "options": {
          "showLoggerName": true,
          "showPid": true,
          "showLevel": false,
          "showMetadata": false,
          "basepath": "/Users/mcamacho/Projects/detox-demo-github-actions/node_modules/.pnpm/detox@20.38.0_@jest+environment@29.7.0_@jest+types@29.6.3_expect@29.7.0_jest-environmen_7d81f4e58d2c7dc9c4cfa39f1bf73e86/node_modules/detox/src",
          "prefixers": {},
          "stringifiers": {}
        }
      },
      "testRunner": {
        "retries": 0,
        "forwardEnv": false,
        "detached": false,
        "bail": false,
        "noRetryArgs": [
          "shard"
        ],
        "jest": {
          "setupTimeout": 300000,
          "teardownTimeout": 30000,
          "retryAfterCircusRetries": false,
          "reportWorkerAssign": true
        },
        "args": {
          "$0": "jest",
          "_": [],
          "config": "e2e/jest.config.js",
          "testPathPattern": "e2e/login.e2e.js",
          "--": []
        }
      },
      "session": {
        "autoStart": true,
        "debugSynchronization": 10000
      }
    },
    "detoxIPCServer": "primary-33368",
    "testResults": [],
    "testSessionIndex": 0,
    "workersCount": 0
  }
10:35:30.990 detox[33368] [90mi[39m Server path not specified, so defaulting to ipc.config.socketRoot + ipc.config.appspace + ipc.config.id /tmp/detox.primary-33368
10:35:30.992 detox[33368] [90mi[39m starting server on  /tmp/detox.primary-33368 
10:35:30.992 detox[33368] [90mi[39m starting TLS server false
10:35:30.992 detox[33368] [90mi[39m starting server as Unix || Windows Socket
10:35:30.993 detox[33368] [90mi[39m Detox server listening on localhost:50210...
10:35:30.995 detox[33368] [90mi[39m Serialized the session state at: /private/var/folders/h5/jn5kr8896s13l3xwh4hzcrch0000gn/T/708894a0-db6f-517a-f67c-10d0ea720ba9.detox.json
10:35:30.996 detox[33368] [90mB[39m jest --config e2e/jest.config.js --testPathPattern e2e/login.e2e.js
10:35:31.532 detox[33368] [90mE[39m Command failed with exit code = 1:
jest --config e2e/jest.config.js --testPathPattern e2e/login.e2e.js
10:35:31.533 detox[33368] [90mi[39m Detox server has been closed gracefully
10:35:31.533 detox[33368] [90mE[39m node_modules/detox/local-cli/cli.js test --configuration ios.release --headless --record-logs all --testPathPattern=e2e/login.e2e.js
