10:37:39.544 detox[37088] [90mB[39m node_modules/detox/local-cli/cli.js test --configuration ios.release --headless --record-logs all --testPathIgnorePatterns=e2e/tests/Flujo de inicio de sesión
  data: {
    "id": "6a65248e-6199-72a6-a0c4-75bf98fe8155",
    "detoxConfig": {
      "configurationName": "ios.release",
      "apps": {
        "default": {
          "type": "ios.app",
          "binaryPath": "ios/build/Build/Products/Release-iphonesimulator/detoxdemogithubactions.app",
          "build": "xcodebuild -workspace ios/detoxdemogithubactions.xcworkspace -scheme detoxdemogithubactions -sdk iphonesimulator -configuration Release -derivedDataPath ios/build"
        }
      },
      "artifacts": {
        "rootDir": "e2e/artifacts/ios.release.2025-05-21 16-37-39Z",
        "plugins": {
          "log": {
            "enabled": true,
            "keepOnlyFailedTestsArtifacts": false
          },
          "screenshot": {
            "shouldTakeAutomaticSnapshots": true,
            "keepOnlyFailedTestsArtifacts": false,
            "takeWhen": {
              "testStart": true,
              "testDone": true
            },
            "enabled": true
          },
          "video": {
            "enabled": false,
            "keepOnlyFailedTestsArtifacts": false
          },
          "instruments": {
            "enabled": false,
            "keepOnlyFailedTestsArtifacts": false
          },
          "uiHierarchy": {
            "enabled": false,
            "keepOnlyFailedTestsArtifacts": false
          }
        }
      },
      "behavior": {
        "init": {
          "keepLockFile": false,
          "reinstallApp": true,
          "exposeGlobals": true
        },
        "cleanup": {
          "shutdownDevice": false
        },
        "launchApp": "auto"
      },
      "cli": {
        "recordLogs": "all",
        "configuration": "ios.release",
        "headless": true,
        "start": true
      },
      "commands": [
        {
          "appName": "default",
          "build": "xcodebuild -workspace ios/detoxdemogithubactions.xcworkspace -scheme detoxdemogithubactions -sdk iphonesimulator -configuration Release -derivedDataPath ios/build"
        }
      ],
      "device": {
        "type": "ios.simulator",
        "device": {
          "name": "iPhone 16",
          "type": "iPhone 16",
          "os": "iOS 18.2"
        },
        "headless": true
      },
      "logger": {
        "level": "info",
        "overrideConsole": true,
        "options": {
          "showLoggerName": true,
          "showPid": true,
          "showLevel": false,
          "showMetadata": false,
          "basepath": "/Users/mcamacho/Projects/detox-demo-github-actions/node_modules/.pnpm/detox@20.38.0_@jest+environment@29.7.0_@jest+types@29.6.3_expect@29.7.0_jest-environmen_7d81f4e58d2c7dc9c4cfa39f1bf73e86/node_modules/detox/src",
          "prefixers": {},
          "stringifiers": {}
        }
      },
      "testRunner": {
        "retries": 0,
        "forwardEnv": false,
        "detached": false,
        "bail": false,
        "noRetryArgs": [
          "shard"
        ],
        "jest": {
          "setupTimeout": 300000,
          "teardownTimeout": 30000,
          "retryAfterCircusRetries": false,
          "reportWorkerAssign": true
        },
        "args": {
          "$0": "jest",
          "_": [],
          "config": "e2e/jest.config.js",
          "testPathIgnorePatterns": "e2e/tests/Flujo de inicio de sesión",
          "--": []
        }
      },
      "session": {
        "autoStart": true,
        "debugSynchronization": 10000
      }
    },
    "detoxIPCServer": "primary-37088",
    "testResults": [],
    "testSessionIndex": 0,
    "workersCount": 0
  }
10:37:39.547 detox[37088] [90mi[39m Server path not specified, so defaulting to ipc.config.socketRoot + ipc.config.appspace + ipc.config.id /tmp/detox.primary-37088
10:37:39.549 detox[37088] [90mi[39m starting server on  /tmp/detox.primary-37088 
10:37:39.549 detox[37088] [90mi[39m starting TLS server false
10:37:39.549 detox[37088] [90mi[39m starting server as Unix || Windows Socket
10:37:39.550 detox[37088] [90mi[39m Detox server listening on localhost:50700...
10:37:39.552 detox[37088] [90mi[39m Serialized the session state at: /private/var/folders/h5/jn5kr8896s13l3xwh4hzcrch0000gn/T/6a65248e-6199-72a6-a0c4-75bf98fe8155.detox.json
10:37:39.553 detox[37088] [90mB[39m jest --config e2e/jest.config.js --testPathIgnorePatterns e2e/tests/Flujo\ de\ inicio\ de\ sesión
10:37:40.071 detox[37113] [90mi[39m Service path not specified, so defaulting to ipc.config.socketRoot + ipc.config.appspace + id 
10:37:40.071 detox[37113] [90mi[39m requested connection to  primary-37088 /tmp/detox.primary-37088
10:37:40.072 detox[37088] [90mi[39m ## socket connection to server detected ##
10:37:40.072 detox[37113] [90mi[39m Connecting client on Unix Socket : /tmp/detox.primary-37088
10:37:40.072 detox[37113] [90mi[39m retrying reset
10:37:40.072 detox[37113] [90mi[39m dispatching event to  primary-37088 /tmp/detox.primary-37088  :  registerContext , { id: 'secondary-37113' }
10:37:40.073 detox[37088] [90mi[39m received event of :  registerContext { id: 'secondary-37113' }
10:37:40.073 detox[37088] [90mi[39m dispatching event to socket  :  registerContextDone {
  testResults: [],
  testSessionIndex: 0,
  unsafe_earlyTeardown: undefined
}
10:37:40.073 detox[37113] [90mi[39m ## received events ##
10:37:40.073 detox[37113] [90mi[39m detected event registerContextDone { testResults: [], testSessionIndex: 0 }
10:37:40.145 detox[37113] [90mB[39m e2e/tests/Flujo de prueba concepto/workshopRobot.test.ts
10:37:40.151 detox[37113] [90mB[39m set up environment
10:37:40.151 detox[37113] [90mi[39m dispatching event to  primary-37088 /tmp/detox.primary-37088  :  registerWorker , { workerId: 'w1' }
10:37:40.152 detox[37088] [90mi[39m received event of :  registerWorker { workerId: 'w1' }
10:37:40.152 detox[37088] [90mi[39m dispatching event to socket  :  registerWorkerDone { workersCount: 1 }
10:37:40.152 detox[37088] [90mi[39m broadcasting event to all known sockets listening to  /tmp/detox.primary-37088  :   sessionStateUpdate { workersCount: 1 }
10:37:40.152 detox[37113] [90mi[39m ## received events ##
10:37:40.152 detox[37113] [90mi[39m detected event registerWorkerDone { workersCount: 1 }
10:37:40.152 detox[37113] [90mi[39m detected event sessionStateUpdate { workersCount: 1 }
10:37:40.243 detox[37088] [90mB[39m connection :50700<->:50704
10:37:40.243 detox[37113] [90mi[39m opened web socket to: ws://localhost:50700
10:37:40.244 detox[37113] [90mi[39m send message
  data: {"type":"login","params":{"sessionId":"f984f171-4b22-24ee-375f-8db8b7dac7a0","role":"tester"},"messageId":0}
10:37:40.245 detox[37088] [90mi[39m get
  data: {"type":"login","params":{"sessionId":"f984f171-4b22-24ee-375f-8db8b7dac7a0","role":"tester"},"messageId":0}
10:37:40.245 detox[37088] [90mi[39m created session f984f171-4b22-24ee-375f-8db8b7dac7a0
10:37:40.245 detox[37088] [90mi[39m send
  data: {
    "type": "loginSuccess",
    "params": {
      "testerConnected": true,
      "appConnected": false
    },
    "messageId": 0
  }
10:37:40.245 detox[37088] [90mi[39m tester joined session f984f171-4b22-24ee-375f-8db8b7dac7a0
10:37:40.246 detox[37113] [90mi[39m get message
  data: {"type":"loginSuccess","params":{"testerConnected":true,"appConnected":false},"messageId":0}
   
10:37:40.296 detox[37088] [90mi[39m received event of :  allocateDevice {
  deviceConfig: {
    type: 'ios.simulator',
    device: { name: 'iPhone 16', type: 'iPhone 16', os: 'iOS 18.2' },
    headless: true
  }
}
10:37:40.296 detox[37113] [90mi[39m dispatching event to  primary-37088 /tmp/detox.primary-37088  :  allocateDevice , {
  deviceConfig: {
    type: 'ios.simulator',
    device: { name: 'iPhone 16', type: 'iPhone 16', os: 'iOS 18.2' },
    headless: true
  }
}
10:37:40.298 detox[37088] [90mB[39m init
  args: ()
10:37:40.299 detox[37088] [90mE[39m init
10:37:40.299 detox[37088] [90mB[39m allocate
  data: {
    "type": "ios.simulator",
    "device": {
      "name": "iPhone 16",
      "type": "iPhone 16",
      "os": "iOS 18.2"
    },
    "headless": true
  }
10:37:40.300 detox[37088] [90mi[39m applesimutils --list --byName "iPhone 16" --byOS "iOS 18.2" --byType "iPhone 16"
10:37:40.461 detox[37088] [90mi[39m [
  {
    "isAvailable" : true,
    "logPath" : "\/Users\/mcamacho\/Library\/Logs\/CoreSimulator\/1AF1D505-E4E6-45DD-B51A-54B2F3563FB2",
    "logPathSize" : 1122304,
    "state" : "Booted",
    "name" : "iPhone 16",
    "dataPathSize" : 6500708352,
    "deviceType" : {
      "maxRuntimeVersion" : 4294967295,
      "bundlePath" : "\/Applications\/Xcode.app\/Contents\/Developer\/Platforms\/iPhoneOS.platform\/Library\/Developer\/CoreSimulator\/Profiles\/DeviceTypes\/iPhone 16.simdevicetype",
      "maxRuntimeVersionString" : "65535.255.255",
      "name" : "iPhone 16",
      "identifier" : "com.apple.CoreSimulator.SimDeviceType.iPhone-16",
      "productFamily" : "iPhone",
      "modelIdentifier" : "iPhone17,3",
      "minRuntimeVersionString" : "18.0.0",
      "minRuntimeVersion" : 1179648
    },
    "os" : {
      "bundlePath" : "\/Library\/Developer\/CoreSimulator\/Volumes\/iOS_22C150\/Library\/Developer\/CoreSimulator\/Profiles\/Runtimes\/iOS 18.2.simruntime",
      "buildversion" : "22C150",
      "platform" : "iOS",
      "runtimeRoot" : "\/Library\/Developer\/CoreSimulator\/Volumes\/iOS_22C150\/Library\/Developer\/CoreSimulator\/Profiles\/Runtimes\/iOS 18.2.simruntime\/Contents\/Resources\/RuntimeRoot",
      "identifier" : "com.apple.CoreSimulator.SimRuntime.iOS-18-2",
      "version" : "18.2",
      "isInternal" : false,
      "isAvailable" : true,
      "name" : "iOS 18.2",
      "supportedDeviceTypes" : [
        {
          "bundlePath" : "\/Applications\/Xcode.app\/Contents\/Developer\/Platforms\/iPhoneOS.platform\/Library\/Developer\/CoreSimulator\/Profiles\/DeviceTypes\/iPhone 16 Pro.simdevicetype",
          "name" : "iPhone 16 Pro",
          "identifier" : "com.apple.CoreSimulator.SimDeviceType.iPhone-16-Pro",
          "productFamily" : "iPhone"
        },
        {
          "bundlePath" : "\/Applications\/Xcode.app\/Contents\/Developer\/Platforms\/iPhoneOS.platform\/Library\/Developer\/CoreSimulator\/Profiles\/DeviceTypes\/iPhone 16 Pro Max.simdevicetype",
          "name" : "iPhone 16 Pro Max",
          "identifier" : "com.apple.CoreSimulator.SimDeviceType.iPhone-16-Pro-Max",
          "productFamily" : "iPhone"
        },
        {
          "bundlePath" : "\/Applications\/Xcode.app\/Contents\/Developer\/Platforms\/iPhoneOS.platform\/Library\/Developer\/CoreSimulator\/Profiles\/DeviceTypes\/iPhone 16.simdevicetype",
          "name" : "iPhone 16",
          "identifier" : "com.apple.CoreSimulator.SimDeviceType.iPhone-16",
          "productFamily" : "iPhone"
        },
        {
          "bundlePath" : "\/Applications\/Xcode.app\/Contents\/Developer\/Platforms\/iPhoneOS.platform\/Library\/Developer\/CoreSimulator\/Profiles\/DeviceTypes\/iPhone 16 Plus.simdevicetype",
          "name" : "iPhone 16 Plus",
          "identifier" : "com.apple.CoreSimulator.SimDeviceType.iPhone-16-Plus",
          "productFamily" : "iPhone"
        },
        {
          "bundlePath" : "\/Applications\/Xcode.app\/Contents\/Developer\/Platforms\/iPhoneOS.platform\/Library\/Developer\/CoreSimulator\/Profiles\/DeviceTypes\/iPhone 15 Pro.simdevicetype",
          "name" : "iPhone 15 Pro",
          "identifier" : "com.apple.CoreSimulator.SimDeviceType.iPhone-15-Pro",
          "productFamily" : "iPhone"
        },
        {
          "bundlePath" : "\/Applications\/Xcode.app\/Contents\/Developer\/Platforms\/iPhoneOS.platform\/Library\/Developer\/CoreSimulator\/Profiles\/DeviceTypes\/iPhone 15 Pro Max.simdevicetype",
          "name" : "iPhone 15 Pro Max",
          "identifier" : "com.apple.CoreSimulator.SimDeviceType.iPhone-15-Pro-Max",
          "productFamily" : "iPhone"
        },
        {
          "bundlePath" : "\/Applications\/Xcode.app\/Contents\/Developer\/Platforms\/iPhoneOS.platform\/Library\/Developer\/CoreSimulator\/Profiles\/DeviceTypes\/iPhone 15.simdevicetype",
          "name" : "iPhone 15",
          "identifier" : "com.apple.CoreSimulator.SimDeviceType.iPhone-15",
          "productFamily" : "iPhone"
        },
        {
          "bundlePath" : "\/Applications\/Xcode.app\/Contents\/Developer\/Platforms\/iPhoneOS.platform\/Library\/Developer\/CoreSimulator\/Profiles\/DeviceTypes\/iPhone 15 Plus.simdevicetype",
          "name" : "iPhone 15 Plus",
          "identifier" : "com.apple.CoreSimulator.SimDeviceType.iPhone-15-Plus",
          "productFamily" : "iPhone"
        },
        {
          "bundlePath" : "\/Applications\/Xcode.app\/Contents\/Developer\/Platforms\/iPhoneOS.platform\/Library\/Developer\/CoreSimulator\/Profiles\/DeviceTypes\/iPhone 14 Pro.simdevicetype",
          "name" : "iPhone 14 Pro",
          "identifier" : "com.apple.CoreSimulator.SimDeviceType.iPhone-14-Pro",
          "productFamily" : "iPhone"
        },
        {
          "bundlePath" : "\/Applications\/Xcode.app\/Contents\/Developer\/Platforms\/iPhoneOS.platform\/Library\/Developer\/CoreSimulator\/Profiles\/DeviceTypes\/iPhone 14 Pro Max.simdevicetype",
          "name" : "iPhone 14 Pro Max",
          "identifier" : "com.apple.CoreSimulator.SimDeviceType.iPhone-14-Pro-Max",
          "productFamily" : "iPhone"
        },
        {
          "bundlePath" : "\/Applications\/Xcode.app\/Contents\/Developer\/Platforms\/iPhoneOS.platform\/Library\/Developer\/CoreSimulator\/Profiles\/DeviceTypes\/iPhone 14.simdevicetype",
          "name" : "iPhone 14",
          "identifier" : "com.apple.CoreSimulator.SimDeviceType.iPhone-14",
          "productFamily" : "iPhone"
        },
        {
          "bundlePath" : "\/Applications\/Xcode.app\/Contents\/Developer\/Platforms\/iPhoneOS.platform\/Library\/Developer\/CoreSimulator\/Profiles\/DeviceTypes\/iPhone 14 Plus.simdevicetype",
          "name" : "iPhone 14 Plus",
          "identifier" : "com.apple.CoreSimulator.SimDeviceType.iPhone-14-Plus",
          "productFamily" : "iPhone"
        },
        {
          "bundlePath" : "\/Applications\/Xcode.app\/Contents\/Developer\/Platforms\/iPhoneOS.platform\/Library\/Developer\/CoreSimulator\/Profiles\/DeviceTypes\/iPhone SE (3rd generation).simdevicetype",
          "name" : "iPhone SE (3rd generation)",
          "identifier" : "com.apple.CoreSimulator.SimDeviceType.iPhone-SE-3rd-generation",
          "productFamily" : "iPhone"
        },
        {
          "bundlePath" : "\/Applications\/Xcode.app\/Contents\/Developer\/Platforms\/iPhoneOS.platform\/Library\/Developer\/CoreSimulator\/Profiles\/DeviceTypes\/iPhone 13 Pro.simdevicetype",
          "name" : "iPhone 13 Pro",
          "identifier" : "com.apple.CoreSimulator.SimDeviceType.iPhone-13-Pro",
          "productFamily" : "iPhone"
        },
        {
          "bundlePath" : "\/Applications\/Xcode.app\/Contents\/Developer\/Platforms\/iPhoneOS.platform\/Library\/Developer\/CoreSimulator\/Profiles\/DeviceTypes\/iPhone 13 Pro Max.simdevicetype",
          "name" : "iPhone 13 Pro Max",
          "identifier" : "com.apple.CoreSimulator.SimDeviceType.iPhone-13-Pro-Max",
          "productFamily" : "iPhone"
        },
        {
          "bundlePath" : "\/Applications\/Xcode.app\/Contents\/Developer\/Platforms\/iPhoneOS.platform\/Library\/Developer\/CoreSimulator\/Profiles\/DeviceTypes\/iPhone 13.simdevicetype",
          "name" : "iPhone 13",
          "identifier" : "com.apple.CoreSimulator.SimDeviceType.iPhone-13",
          "productFamily" : "iPhone"
        },
        {
          "bundlePath" : "\/Applications\/Xcode.app\/Contents\/Developer\/Platforms\/iPhoneOS.platform\/Library\/Developer\/CoreSimulator\/Profiles\/DeviceTypes\/iPhone 13 mini.simdevicetype",
          "name" : "iPhone 13 mini",
          "identifier" : "com.apple.CoreSimulator.SimDeviceType.iPhone-13-mini",
          "productFamily" : "iPhone"
        },
        {
          "bundlePath" : "\/Applications\/Xcode.app\/Contents\/Developer\/Platforms\/iPhoneOS.platform\/Library\/Developer\/CoreSimulator\/Profiles\/DeviceTypes\/iPhone 12 Pro.simdevicetype",
          "name" : "iPhone 12 Pro",
          "identifier" : "com.apple.CoreSimulator.SimDeviceType.iPhone-12-Pro",
          "productFamily" : "iPhone"
        },
        {
          "bundlePath" : "\/Applications\/Xcode.app\/Contents\/Developer\/Platforms\/iPhoneOS.platform\/Library\/Developer\/CoreSimulator\/Profiles\/DeviceTypes\/iPhone 12 Pro Max.simdevicetype",
          "name" : "iPhone 12 Pro Max",
          "identifier" : "com.apple.CoreSimulator.SimDeviceType.iPhone-12-Pro-Max",
          "productFamily" : "iPhone"
        },
        {
          "bundlePath" : "\/Applications\/Xcode.app\/Contents\/Developer\/Platforms\/iPhoneOS.platform\/Library\/Developer\/CoreSimulator\/Profiles\/DeviceTypes\/iPhone 12.simdevicetype",
          "name" : "iPhone 12",
          "identifier" : "com.apple.CoreSimulator.SimDeviceType.iPhone-12",
          "productFamily" : "iPhone"
        },
        {
          "bundlePath" : "\/Applications\/Xcode.app\/Contents\/Developer\/Platforms\/iPhoneOS.platform\/Library\/Developer\/CoreSimulator\/Profiles\/DeviceTypes\/iPhone 12 mini.simdevicetype",
          "name" : "iPhone 12 mini",
          "identifier" : "com.apple.CoreSimulator.SimDeviceType.iPhone-12-mini",
          "productFamily" : "iPhone"
        },
        {
          "bundlePath" : "\/Applications\/Xcode.app\/Contents\/Developer\/Platforms\/iPhoneOS.platform\/Library\/Developer\/CoreSimulator\/Profiles\/DeviceTypes\/iPhone SE (2nd generation).simdevicetype",
          "name" : "iPhone SE (2nd generation)",
          "identifier" : "com.apple.CoreSimulator.SimDeviceType.iPhone-SE--2nd-generation-",
          "productFamily" : "iPhone"
        },
        {
          "bundlePath" : "\/Applications\/Xcode.app\/Contents\/Developer\/Platforms\/iPhoneOS.platform\/Library\/Developer\/CoreSimulator\/Profiles\/DeviceTypes\/iPhone 11 Pro.simdevicetype",
          "name" : "iPhone 11 Pro",
          "identifier" : "com.apple.CoreSimulator.SimDeviceType.iPhone-11-Pro",
          "productFamily" : "iPhone"
        },
        {
          "bundlePath" : "\/Applications\/Xcode.app\/Contents\/Developer\/Platforms\/iPhoneOS.platform\/Library\/Developer\/CoreSimulator\/Profiles\/DeviceTypes\/iPhone 11 Pro Max.simdevicetype",
          "name" : "iPhone 11 Pro Max",
          "identifier" : "com.apple.CoreSimulator.SimDeviceType.iPhone-11-Pro-Max",
          "productFamily" : "iPhone"
        },
        {
          "bundlePath" : "\/Applications\/Xcode.app\/Contents\/Developer\/Platforms\/iPhoneOS.platform\/Library\/Developer\/CoreSimulator\/Profiles\/DeviceTypes\/iPhone 11.simdevicetype",
          "name" : "iPhone 11",
          "identifier" : "com.apple.CoreSimulator.SimDeviceType.iPhone-11",
          "productFamily" : "iPhone"
        },
        {
          "bundlePath" : "\/Applications\/Xcode.app\/Contents\/Developer\/Platforms\/iPhoneOS.platform\/Library\/Developer\/CoreSimulator\/Profiles\/DeviceTypes\/iPhone Xʀ.simdevicetype",
          "name" : "iPhone Xʀ",
          "identifier" : "com.apple.CoreSimulator.SimDeviceType.iPhone-XR",
          "productFamily" : "iPhone"
        },
        {
          "bundlePath" : "\/Applications\/Xcode.app\/Contents\/Developer\/Platforms\/iPhoneOS.platform\/Library\/Developer\/CoreSimulator\/Profiles\/DeviceTypes\/iPhone Xs.simdevicetype",
          "name" : "iPhone Xs",
          "identifier" : "com.apple.CoreSimulator.SimDeviceType.iPhone-XS",
          "productFamily" : "iPhone"
        },
        {
          "bundlePath" : "\/Applications\/Xcode.app\/Contents\/Developer\/Platforms\/iPhoneOS.platform\/Library\/Developer\/CoreSimulator\/Profiles\/DeviceTypes\/iPhone Xs Max.simdevicetype",
          "name" : "iPhone Xs Max",
          "identifier" : "com.apple.CoreSimulator.SimDeviceType.iPhone-XS-Max",
          "productFamily" : "iPhone"
        },
        {
          "bundlePath" : "\/Applications\/Xcode.app\/Contents\/Developer\/Platforms\/iPhoneOS.platform\/Library\/Developer\/CoreSimulator\/Profiles\/DeviceTypes\/iPad Pro 11-inch (M4) (16GB).simdevicetype",
          "name" : "iPad Pro 11-inch (M4) (16GB)",
          "identifier" : "com.apple.CoreSimulator.SimDeviceType.iPad-Pro-11-inch-M4-16GB",
          "productFamily" : "iPad"
        },
        {
          "bundlePath" : "\/Applications\/Xcode.app\/Contents\/Developer\/Platforms\/iPhoneOS.platform\/Library\/Developer\/CoreSimulator\/Profiles\/DeviceTypes\/iPad Pro 11-inch (M4).simdevicetype",
          "name" : "iPad Pro 11-inch (M4)",
          "identifier" : "com.apple.CoreSimulator.SimDeviceType.iPad-Pro-11-inch-M4-8GB",
          "productFamily" : "iPad"
        },
        {
          "bundlePath" : "\/Applications\/Xcode.app\/Contents\/Developer\/Platforms\/iPhoneOS.platform\/Library\/Developer\/CoreSimulator\/Profiles\/DeviceTypes\/iPad Pro 13-inch (M4) (16GB).simdevicetype",
          "name" : "iPad Pro 13-inch (M4) (16GB)",
          "identifier" : "com.apple.CoreSimulator.SimDeviceType.iPad-Pro-13-inch-M4-16GB",
          "productFamily" : "iPad"
        },
        {
          "bundlePath" : "\/Applications\/Xcode.app\/Contents\/Developer\/Platforms\/iPhoneOS.platform\/Library\/Developer\/CoreSimulator\/Profiles\/DeviceTypes\/iPad Pro 13-inch (M4).simdevicetype",
          "name" : "iPad Pro 13-inch (M4)",
          "identifier" : "com.apple.CoreSimulator.SimDeviceType.iPad-Pro-13-inch-M4-8GB",
          "productFamily" : "iPad"
        },
        {
          "bundlePath" : "\/Applications\/Xcode.app\/Contents\/Developer\/Platforms\/iPhoneOS.platform\/Library\/Developer\/CoreSimulator\/Profiles\/DeviceTypes\/iPad Air 11-inch (M2).simdevicetype",
          "name" : "iPad Air 11-inch (M2)",
          "identifier" : "com.apple.CoreSimulator.SimDeviceType.iPad-Air-11-inch-M2",
          "productFamily" : "iPad"
        },
        {
          "bundlePath" : "\/Applications\/Xcode.app\/Contents\/Developer\/Platforms\/iPhoneOS.platform\/Library\/Developer\/CoreSimulator\/Profiles\/DeviceTypes\/iPad Air 13-inch (M2).simdevicetype",
          "name" : "iPad Air 13-inch (M2)",
          "identifier" : "com.apple.CoreSimulator.SimDeviceType.iPad-Air-13-inch-M2",
          "productFamily" : "iPad"
        },
        {
          "bundlePath" : "\/Applications\/Xcode.app\/Contents\/Developer\/Platforms\/iPhoneOS.platform\/Library\/Developer\/CoreSimulator\/Profiles\/DeviceTypes\/iPad mini (A17 Pro).simdevicetype",
          "name" : "iPad mini (A17 Pro)",
          "identifier" : "com.apple.CoreSimulator.SimDeviceType.iPad-mini-A17-Pro",
          "productFamily" : "iPad"
        },
        {
          "bundlePath" : "\/Applications\/Xcode.app\/Contents\/Developer\/Platforms\/iPhoneOS.platform\/Library\/Developer\/CoreSimulator\/Profiles\/DeviceTypes\/iPad Pro (11-inch) (4th generation) (16GB).simdevicetype",
          "name" : "iPad Pro (11-inch) (4th generation) (16GB)",
          "identifier" : "com.apple.CoreSimulator.SimDeviceType.iPad-Pro-11-inch-4th-generation-16GB",
          "productFamily" : "iPad"
        },
        {
          "bundlePath" : "\/Applications\/Xcode.app\/Contents\/Developer\/Platforms\/iPhoneOS.platform\/Library\/Developer\/CoreSimulator\/Profiles\/DeviceTypes\/iPad Pro (11-inch) (4th generation).simdevicetype",
          "name" : "iPad Pro (11-inch) (4th generation)",
          "identifier" : "com.apple.CoreSimulator.SimDeviceType.iPad-Pro-11-inch-4th-generation-8GB",
          "productFamily" : "iPad"
        },
        {
          "bundlePath" : "\/Applications\/Xcode.app\/Contents\/Developer\/Platforms\/iPhoneOS.platform\/Library\/Developer\/CoreSimulator\/Profiles\/DeviceTypes\/iPad Pro (12.9-inch) (6th generation) (16GB).simdevicetype",
          "name" : "iPad Pro (12.9-inch) (6th generation) (16GB)",
          "identifier" : "com.apple.CoreSimulator.SimDeviceType.iPad-Pro-12-9-inch-6th-generation-16GB",
          "productFamily" : "iPad"
        },
        {
          "bundlePath" : "\/Applications\/Xcode.app\/Contents\/Developer\/Platforms\/iPhoneOS.platform\/Library\/Developer\/CoreSimulator\/Profiles\/DeviceTypes\/iPad Pro (12.9-inch) (6th generation).simdevicetype",
          "name" : "iPad Pro (12.9-inch) (6th generation)",
          "identifier" : "com.apple.CoreSimulator.SimDeviceType.iPad-Pro-12-9-inch-6th-generation-8GB",
          "productFamily" : "iPad"
        },
        {
          "bundlePath" : "\/Applications\/Xcode.app\/Contents\/Developer\/Platforms\/iPhoneOS.platform\/Library\/Developer\/CoreSimulator\/Profiles\/DeviceTypes\/iPad (10th generation).simdevicetype",
          "name" : "iPad (10th generation)",
          "identifier" : "com.apple.CoreSimulator.SimDeviceType.iPad-10th-generation",
          "productFamily" : "iPad"
        },
        {
          "bundlePath" : "\/Applications\/Xcode.app\/Contents\/Developer\/Platforms\/iPhoneOS.platform\/Library\/Developer\/CoreSimulator\/Profiles\/DeviceTypes\/iPad Air (5th generation).simdevicetype",
          "name" : "iPad Air (5th generation)",
          "identifier" : "com.apple.CoreSimulator.SimDeviceType.iPad-Air-5th-generation",
          "productFamily" : "iPad"
        },
        {
          "bundlePath" : "\/Applications\/Xcode.app\/Contents\/Developer\/Platforms\/iPhoneOS.platform\/Library\/Developer\/CoreSimulator\/Profiles\/DeviceTypes\/iPad mini (6th generation).simdevicetype",
          "name" : "iPad mini (6th generation)",
          "identifier" : "com.apple.CoreSimulator.SimDeviceType.iPad-mini-6th-generation",
          "productFamily" : "iPad"
        },
        {
          "bundlePath" : "\/Applications\/Xcode.app\/Contents\/Developer\/Platforms\/iPhoneOS.platform\/Library\/Developer\/CoreSimulator\/Profiles\/DeviceTypes\/iPad Pro (11-inch) (3rd generation).simdevicetype",
          "name" : "iPad Pro (11-inch) (3rd generation)",
          "identifier" : "com.apple.CoreSimulator.SimDeviceType.iPad-Pro-11-inch-3rd-generation",
          "productFamily" : "iPad"
        },
        {
          "bundlePath" : "\/Applications\/Xcode.app\/Contents\/Developer\/Platforms\/iPhoneOS.platform\/Library\/Developer\/CoreSimulator\/Profiles\/DeviceTypes\/iPad Pro (12.9-inch) (5th generation).simdevicetype",
          "name" : "iPad Pro (12.9-inch) (5th generation)",
          "identifier" : "com.apple.CoreSimulator.SimDeviceType.iPad-Pro-12-9-inch-5th-generation",
          "productFamily" : "iPad"
        },
        {
          "bundlePath" : "\/Applications\/Xcode.app\/Contents\/Developer\/Platforms\/iPhoneOS.platform\/Library\/Developer\/CoreSimulator\/Profiles\/DeviceTypes\/iPad (9th generation).simdevicetype",
          "name" : "iPad (9th generation)",
          "identifier" : "com.apple.CoreSimulator.SimDeviceType.iPad-9th-generation",
          "productFamily" : "iPad"
        },
        {
          "bundlePath" : "\/Applications\/Xcode.app\/Contents\/Developer\/Platforms\/iPhoneOS.platform\/Library\/Developer\/CoreSimulator\/Profiles\/DeviceTypes\/iPad Air (4th generation).simdevicetype",
          "name" : "iPad Air (4th generation)",
          "identifier" : "com.apple.CoreSimulator.SimDeviceType.iPad-Air--4th-generation-",
          "productFamily" : "iPad"
        },
        {
          "bundlePath" : "\/Applications\/Xcode.app\/Contents\/Developer\/Platforms\/iPhoneOS.platform\/Library\/Developer\/CoreSimulator\/Profiles\/DeviceTypes\/iPad (8th generation).simdevicetype",
          "name" : "iPad (8th generation)",
          "identifier" : "com.apple.CoreSimulator.SimDeviceType.iPad--8th-generation-",
          "productFamily" : "iPad"
        },
        {
          "bundlePath" : "\/Applications\/Xcode.app\/Contents\/Developer\/Platforms\/iPhoneOS.platform\/Library\/Developer\/CoreSimulator\/Profiles\/DeviceTypes\/iPad Air (3rd generation).simdevicetype",
          "name" : "iPad Air (3rd generation)",
          "identifier" : "com.apple.CoreSimulator.SimDeviceType.iPad-Air--3rd-generation-",
          "productFamily" : "iPad"
        },
        {
          "bundlePath" : "\/Applications\/Xcode.app\/Contents\/Developer\/Platforms\/iPhoneOS.platform\/Library\/Developer\/CoreSimulator\/Profiles\/DeviceTypes\/iPad mini (5th generation).simdevicetype",
          "name" : "iPad mini (5th generation)",
          "identifier" : "com.apple.CoreSimulator.SimDeviceType.iPad-mini--5th-generation-",
          "productFamily" : "iPad"
        },
        {
          "bundlePath" : "\/Applications\/Xcode.app\/Contents\/Developer\/Platforms\/iPhoneOS.platform\/Library\/Developer\/CoreSimulator\/Profiles\/DeviceTypes\/iPad Pro (11-inch) (2nd generation).simdevicetype",
          "name" : "iPad Pro (11-inch) (2nd generation)",
          "identifier" : "com.apple.CoreSimulator.SimDeviceType.iPad-Pro--11-inch---2nd-generation-",
          "productFamily" : "iPad"
        },
        {
          "bundlePath" : "\/Applications\/Xcode.app\/Contents\/Developer\/Platforms\/iPhoneOS.platform\/Library\/Developer\/CoreSimulator\/Profiles\/DeviceTypes\/iPad Pro (12.9-inch) (4th generation).simdevicetype",
          "name" : "iPad Pro (12.9-inch) (4th generation)",
          "identifier" : "com.apple.CoreSimulator.SimDeviceType.iPad-Pro--12-9-inch---4th-generation-",
          "productFamily" : "iPad"
        },
        {
          "bundlePath" : "\/Applications\/Xcode.app\/Contents\/Developer\/Platforms\/iPhoneOS.platform\/Library\/Developer\/CoreSimulator\/Profiles\/DeviceTypes\/iPad Pro (11-inch) (1st generation).simdevicetype",
          "name" : "iPad Pro (11-inch) (1st generation)",
          "identifier" : "com.apple.CoreSimulator.SimDeviceType.iPad-Pro--11-inch-",
          "productFamily" : "iPad"
        },
        {
          "bundlePath" : "\/Applications\/Xcode.app\/Contents\/Developer\/Platforms\/iPhoneOS.platform\/Library\/Developer\/CoreSimulator\/Profiles\/DeviceTypes\/iPad Pro (12.9-inch) (3rd generation).simdevicetype",
          "name" : "iPad Pro (12.9-inch) (3rd generation)",
          "identifier" : "com.apple.CoreSimulator.SimDeviceType.iPad-Pro--12-9-inch---3rd-generation-",
          "productFamily" : "iPad"
        },
        {
          "bundlePath" : "\/Applications\/Xcode.app\/Contents\/Developer\/Platforms\/iPhoneOS.platform\/Library\/Developer\/CoreSimulator\/Profiles\/DeviceTypes\/iPad (7th generation).simdevicetype",
          "name" : "iPad (7th generation)",
          "identifier" : "com.apple.CoreSimulator.SimDeviceType.iPad--7th-generation-",
          "productFamily" : "iPad"
        }
      ]
    },
    "dataPath" : "\/Users\/mcamacho\/Library\/Developer\/CoreSimulator\/Devices\/1AF1D505-E4E6-45DD-B51A-54B2F3563FB2\/data",
    "lastBootedAt" : "2025-05-21T16:29:39Z",
    "deviceTypeIdentifier" : "com.apple.CoreSimulator.SimDeviceType.iPhone-16",
    "udid" : "1AF1D505-E4E6-45DD-B51A-54B2F3563FB2"
  }
]

10:37:40.462 detox[37088] [90mi[39m settled on 1AF1D505-E4E6-45DD-B51A-54B2F3563FB2
  data: {
    "id": "1AF1D505-E4E6-45DD-B51A-54B2F3563FB2",
    "udid": "1AF1D505-E4E6-45DD-B51A-54B2F3563FB2"
  }
10:37:40.462 detox[37088] [90mE[39m allocate
10:37:40.462 detox[37088] [90mB[39m post-allocate: 1AF1D505-E4E6-45DD-B51A-54B2F3563FB2
  data: {
    "id": "1AF1D505-E4E6-45DD-B51A-54B2F3563FB2",
    "udid": "1AF1D505-E4E6-45DD-B51A-54B2F3563FB2"
  }
10:37:40.462 detox[37088] [90mi[39m applesimutils --list --byId 1AF1D505-E4E6-45DD-B51A-54B2F3563FB2 --maxResults 1
10:37:40.573 detox[37088] [90mi[39m [
  {
    "isAvailable" : true,
    "logPath" : "\/Users\/mcamacho\/Library\/Logs\/CoreSimulator\/1AF1D505-E4E6-45DD-B51A-54B2F3563FB2",
    "logPathSize" : 1122304,
    "state" : "Booted",
    "name" : "iPhone 16",
    "dataPathSize" : 6500708352,
    "deviceType" : {
      "maxRuntimeVersion" : 4294967295,
      "bundlePath" : "\/Applications\/Xcode.app\/Contents\/Developer\/Platforms\/iPhoneOS.platform\/Library\/Developer\/CoreSimulator\/Profiles\/DeviceTypes\/iPhone 16.simdevicetype",
      "maxRuntimeVersionString" : "65535.255.255",
      "name" : "iPhone 16",
      "identifier" : "com.apple.CoreSimulator.SimDeviceType.iPhone-16",
      "productFamily" : "iPhone",
      "modelIdentifier" : "iPhone17,3",
      "minRuntimeVersionString" : "18.0.0",
      "minRuntimeVersion" : 1179648
    },
    "os" : {
      "bundlePath" : "\/Library\/Developer\/CoreSimulator\/Volumes\/iOS_22C150\/Library\/Developer\/CoreSimulator\/Profiles\/Runtimes\/iOS 18.2.simruntime",
      "buildversion" : "22C150",
      "platform" : "iOS",
      "runtimeRoot" : "\/Library\/Developer\/CoreSimulator\/Volumes\/iOS_22C150\/Library\/Developer\/CoreSimulator\/Profiles\/Runtimes\/iOS 18.2.simruntime\/Contents\/Resources\/RuntimeRoot",
      "identifier" : "com.apple.CoreSimulator.SimRuntime.iOS-18-2",
      "version" : "18.2",
      "isInternal" : false,
      "isAvailable" : true,
      "name" : "iOS 18.2",
      "supportedDeviceTypes" : [
        {
          "bundlePath" : "\/Applications\/Xcode.app\/Contents\/Developer\/Platforms\/iPhoneOS.platform\/Library\/Developer\/CoreSimulator\/Profiles\/DeviceTypes\/iPhone 16 Pro.simdevicetype",
          "name" : "iPhone 16 Pro",
          "identifier" : "com.apple.CoreSimulator.SimDeviceType.iPhone-16-Pro",
          "productFamily" : "iPhone"
        },
        {
          "bundlePath" : "\/Applications\/Xcode.app\/Contents\/Developer\/Platforms\/iPhoneOS.platform\/Library\/Developer\/CoreSimulator\/Profiles\/DeviceTypes\/iPhone 16 Pro Max.simdevicetype",
          "name" : "iPhone 16 Pro Max",
          "identifier" : "com.apple.CoreSimulator.SimDeviceType.iPhone-16-Pro-Max",
          "productFamily" : "iPhone"
        },
        {
          "bundlePath" : "\/Applications\/Xcode.app\/Contents\/Developer\/Platforms\/iPhoneOS.platform\/Library\/Developer\/CoreSimulator\/Profiles\/DeviceTypes\/iPhone 16.simdevicetype",
          "name" : "iPhone 16",
          "identifier" : "com.apple.CoreSimulator.SimDeviceType.iPhone-16",
          "productFamily" : "iPhone"
        },
        {
          "bundlePath" : "\/Applications\/Xcode.app\/Contents\/Developer\/Platforms\/iPhoneOS.platform\/Library\/Developer\/CoreSimulator\/Profiles\/DeviceTypes\/iPhone 16 Plus.simdevicetype",
          "name" : "iPhone 16 Plus",
          "identifier" : "com.apple.CoreSimulator.SimDeviceType.iPhone-16-Plus",
          "productFamily" : "iPhone"
        },
        {
          "bundlePath" : "\/Applications\/Xcode.app\/Contents\/Developer\/Platforms\/iPhoneOS.platform\/Library\/Developer\/CoreSimulator\/Profiles\/DeviceTypes\/iPhone 15 Pro.simdevicetype",
          "name" : "iPhone 15 Pro",
          "identifier" : "com.apple.CoreSimulator.SimDeviceType.iPhone-15-Pro",
          "productFamily" : "iPhone"
        },
        {
          "bundlePath" : "\/Applications\/Xcode.app\/Contents\/Developer\/Platforms\/iPhoneOS.platform\/Library\/Developer\/CoreSimulator\/Profiles\/DeviceTypes\/iPhone 15 Pro Max.simdevicetype",
          "name" : "iPhone 15 Pro Max",
          "identifier" : "com.apple.CoreSimulator.SimDeviceType.iPhone-15-Pro-Max",
          "productFamily" : "iPhone"
        },
        {
          "bundlePath" : "\/Applications\/Xcode.app\/Contents\/Developer\/Platforms\/iPhoneOS.platform\/Library\/Developer\/CoreSimulator\/Profiles\/DeviceTypes\/iPhone 15.simdevicetype",
          "name" : "iPhone 15",
          "identifier" : "com.apple.CoreSimulator.SimDeviceType.iPhone-15",
          "productFamily" : "iPhone"
        },
        {
          "bundlePath" : "\/Applications\/Xcode.app\/Contents\/Developer\/Platforms\/iPhoneOS.platform\/Library\/Developer\/CoreSimulator\/Profiles\/DeviceTypes\/iPhone 15 Plus.simdevicetype",
          "name" : "iPhone 15 Plus",
          "identifier" : "com.apple.CoreSimulator.SimDeviceType.iPhone-15-Plus",
          "productFamily" : "iPhone"
        },
        {
          "bundlePath" : "\/Applications\/Xcode.app\/Contents\/Developer\/Platforms\/iPhoneOS.platform\/Library\/Developer\/CoreSimulator\/Profiles\/DeviceTypes\/iPhone 14 Pro.simdevicetype",
          "name" : "iPhone 14 Pro",
          "identifier" : "com.apple.CoreSimulator.SimDeviceType.iPhone-14-Pro",
          "productFamily" : "iPhone"
        },
        {
          "bundlePath" : "\/Applications\/Xcode.app\/Contents\/Developer\/Platforms\/iPhoneOS.platform\/Library\/Developer\/CoreSimulator\/Profiles\/DeviceTypes\/iPhone 14 Pro Max.simdevicetype",
          "name" : "iPhone 14 Pro Max",
          "identifier" : "com.apple.CoreSimulator.SimDeviceType.iPhone-14-Pro-Max",
          "productFamily" : "iPhone"
        },
        {
          "bundlePath" : "\/Applications\/Xcode.app\/Contents\/Developer\/Platforms\/iPhoneOS.platform\/Library\/Developer\/CoreSimulator\/Profiles\/DeviceTypes\/iPhone 14.simdevicetype",
          "name" : "iPhone 14",
          "identifier" : "com.apple.CoreSimulator.SimDeviceType.iPhone-14",
          "productFamily" : "iPhone"
        },
        {
          "bundlePath" : "\/Applications\/Xcode.app\/Contents\/Developer\/Platforms\/iPhoneOS.platform\/Library\/Developer\/CoreSimulator\/Profiles\/DeviceTypes\/iPhone 14 Plus.simdevicetype",
          "name" : "iPhone 14 Plus",
          "identifier" : "com.apple.CoreSimulator.SimDeviceType.iPhone-14-Plus",
          "productFamily" : "iPhone"
        },
        {
          "bundlePath" : "\/Applications\/Xcode.app\/Contents\/Developer\/Platforms\/iPhoneOS.platform\/Library\/Developer\/CoreSimulator\/Profiles\/DeviceTypes\/iPhone SE (3rd generation).simdevicetype",
          "name" : "iPhone SE (3rd generation)",
          "identifier" : "com.apple.CoreSimulator.SimDeviceType.iPhone-SE-3rd-generation",
          "productFamily" : "iPhone"
        },
        {
          "bundlePath" : "\/Applications\/Xcode.app\/Contents\/Developer\/Platforms\/iPhoneOS.platform\/Library\/Developer\/CoreSimulator\/Profiles\/DeviceTypes\/iPhone 13 Pro.simdevicetype",
          "name" : "iPhone 13 Pro",
          "identifier" : "com.apple.CoreSimulator.SimDeviceType.iPhone-13-Pro",
          "productFamily" : "iPhone"
        },
        {
          "bundlePath" : "\/Applications\/Xcode.app\/Contents\/Developer\/Platforms\/iPhoneOS.platform\/Library\/Developer\/CoreSimulator\/Profiles\/DeviceTypes\/iPhone 13 Pro Max.simdevicetype",
          "name" : "iPhone 13 Pro Max",
          "identifier" : "com.apple.CoreSimulator.SimDeviceType.iPhone-13-Pro-Max",
          "productFamily" : "iPhone"
        },
        {
          "bundlePath" : "\/Applications\/Xcode.app\/Contents\/Developer\/Platforms\/iPhoneOS.platform\/Library\/Developer\/CoreSimulator\/Profiles\/DeviceTypes\/iPhone 13.simdevicetype",
          "name" : "iPhone 13",
          "identifier" : "com.apple.CoreSimulator.SimDeviceType.iPhone-13",
          "productFamily" : "iPhone"
        },
        {
          "bundlePath" : "\/Applications\/Xcode.app\/Contents\/Developer\/Platforms\/iPhoneOS.platform\/Library\/Developer\/CoreSimulator\/Profiles\/DeviceTypes\/iPhone 13 mini.simdevicetype",
          "name" : "iPhone 13 mini",
          "identifier" : "com.apple.CoreSimulator.SimDeviceType.iPhone-13-mini",
          "productFamily" : "iPhone"
        },
        {
          "bundlePath" : "\/Applications\/Xcode.app\/Contents\/Developer\/Platforms\/iPhoneOS.platform\/Library\/Developer\/CoreSimulator\/Profiles\/DeviceTypes\/iPhone 12 Pro.simdevicetype",
          "name" : "iPhone 12 Pro",
          "identifier" : "com.apple.CoreSimulator.SimDeviceType.iPhone-12-Pro",
          "productFamily" : "iPhone"
        },
        {
          "bundlePath" : "\/Applications\/Xcode.app\/Contents\/Developer\/Platforms\/iPhoneOS.platform\/Library\/Developer\/CoreSimulator\/Profiles\/DeviceTypes\/iPhone 12 Pro Max.simdevicetype",
          "name" : "iPhone 12 Pro Max",
          "identifier" : "com.apple.CoreSimulator.SimDeviceType.iPhone-12-Pro-Max",
          "productFamily" : "iPhone"
        },
        {
          "bundlePath" : "\/Applications\/Xcode.app\/Contents\/Developer\/Platforms\/iPhoneOS.platform\/Library\/Developer\/CoreSimulator\/Profiles\/DeviceTypes\/iPhone 12.simdevicetype",
          "name" : "iPhone 12",
          "identifier" : "com.apple.CoreSimulator.SimDeviceType.iPhone-12",
          "productFamily" : "iPhone"
        },
        {
          "bundlePath" : "\/Applications\/Xcode.app\/Contents\/Developer\/Platforms\/iPhoneOS.platform\/Library\/Developer\/CoreSimulator\/Profiles\/DeviceTypes\/iPhone 12 mini.simdevicetype",
          "name" : "iPhone 12 mini",
          "identifier" : "com.apple.CoreSimulator.SimDeviceType.iPhone-12-mini",
          "productFamily" : "iPhone"
        },
        {
          "bundlePath" : "\/Applications\/Xcode.app\/Contents\/Developer\/Platforms\/iPhoneOS.platform\/Library\/Developer\/CoreSimulator\/Profiles\/DeviceTypes\/iPhone SE (2nd generation).simdevicetype",
          "name" : "iPhone SE (2nd generation)",
          "identifier" : "com.apple.CoreSimulator.SimDeviceType.iPhone-SE--2nd-generation-",
          "productFamily" : "iPhone"
        },
        {
          "bundlePath" : "\/Applications\/Xcode.app\/Contents\/Developer\/Platforms\/iPhoneOS.platform\/Library\/Developer\/CoreSimulator\/Profiles\/DeviceTypes\/iPhone 11 Pro.simdevicetype",
          "name" : "iPhone 11 Pro",
          "identifier" : "com.apple.CoreSimulator.SimDeviceType.iPhone-11-Pro",
          "productFamily" : "iPhone"
        },
        {
          "bundlePath" : "\/Applications\/Xcode.app\/Contents\/Developer\/Platforms\/iPhoneOS.platform\/Library\/Developer\/CoreSimulator\/Profiles\/DeviceTypes\/iPhone 11 Pro Max.simdevicetype",
          "name" : "iPhone 11 Pro Max",
          "identifier" : "com.apple.CoreSimulator.SimDeviceType.iPhone-11-Pro-Max",
          "productFamily" : "iPhone"
        },
        {
          "bundlePath" : "\/Applications\/Xcode.app\/Contents\/Developer\/Platforms\/iPhoneOS.platform\/Library\/Developer\/CoreSimulator\/Profiles\/DeviceTypes\/iPhone 11.simdevicetype",
          "name" : "iPhone 11",
          "identifier" : "com.apple.CoreSimulator.SimDeviceType.iPhone-11",
          "productFamily" : "iPhone"
        },
        {
          "bundlePath" : "\/Applications\/Xcode.app\/Contents\/Developer\/Platforms\/iPhoneOS.platform\/Library\/Developer\/CoreSimulator\/Profiles\/DeviceTypes\/iPhone Xʀ.simdevicetype",
          "name" : "iPhone Xʀ",
          "identifier" : "com.apple.CoreSimulator.SimDeviceType.iPhone-XR",
          "productFamily" : "iPhone"
        },
        {
          "bundlePath" : "\/Applications\/Xcode.app\/Contents\/Developer\/Platforms\/iPhoneOS.platform\/Library\/Developer\/CoreSimulator\/Profiles\/DeviceTypes\/iPhone Xs.simdevicetype",
          "name" : "iPhone Xs",
          "identifier" : "com.apple.CoreSimulator.SimDeviceType.iPhone-XS",
          "productFamily" : "iPhone"
        },
        {
          "bundlePath" : "\/Applications\/Xcode.app\/Contents\/Developer\/Platforms\/iPhoneOS.platform\/Library\/Developer\/CoreSimulator\/Profiles\/DeviceTypes\/iPhone Xs Max.simdevicetype",
          "name" : "iPhone Xs Max",
          "identifier" : "com.apple.CoreSimulator.SimDeviceType.iPhone-XS-Max",
          "productFamily" : "iPhone"
        },
        {
          "bundlePath" : "\/Applications\/Xcode.app\/Contents\/Developer\/Platforms\/iPhoneOS.platform\/Library\/Developer\/CoreSimulator\/Profiles\/DeviceTypes\/iPad Pro 11-inch (M4) (16GB).simdevicetype",
          "name" : "iPad Pro 11-inch (M4) (16GB)",
          "identifier" : "com.apple.CoreSimulator.SimDeviceType.iPad-Pro-11-inch-M4-16GB",
          "productFamily" : "iPad"
        },
        {
          "bundlePath" : "\/Applications\/Xcode.app\/Contents\/Developer\/Platforms\/iPhoneOS.platform\/Library\/Developer\/CoreSimulator\/Profiles\/DeviceTypes\/iPad Pro 11-inch (M4).simdevicetype",
          "name" : "iPad Pro 11-inch (M4)",
          "identifier" : "com.apple.CoreSimulator.SimDeviceType.iPad-Pro-11-inch-M4-8GB",
          "productFamily" : "iPad"
        },
        {
          "bundlePath" : "\/Applications\/Xcode.app\/Contents\/Developer\/Platforms\/iPhoneOS.platform\/Library\/Developer\/CoreSimulator\/Profiles\/DeviceTypes\/iPad Pro 13-inch (M4) (16GB).simdevicetype",
          "name" : "iPad Pro 13-inch (M4) (16GB)",
          "identifier" : "com.apple.CoreSimulator.SimDeviceType.iPad-Pro-13-inch-M4-16GB",
          "productFamily" : "iPad"
        },
        {
          "bundlePath" : "\/Applications\/Xcode.app\/Contents\/Developer\/Platforms\/iPhoneOS.platform\/Library\/Developer\/CoreSimulator\/Profiles\/DeviceTypes\/iPad Pro 13-inch (M4).simdevicetype",
          "name" : "iPad Pro 13-inch (M4)",
          "identifier" : "com.apple.CoreSimulator.SimDeviceType.iPad-Pro-13-inch-M4-8GB",
          "productFamily" : "iPad"
        },
        {
          "bundlePath" : "\/Applications\/Xcode.app\/Contents\/Developer\/Platforms\/iPhoneOS.platform\/Library\/Developer\/CoreSimulator\/Profiles\/DeviceTypes\/iPad Air 11-inch (M2).simdevicetype",
          "name" : "iPad Air 11-inch (M2)",
          "identifier" : "com.apple.CoreSimulator.SimDeviceType.iPad-Air-11-inch-M2",
          "productFamily" : "iPad"
        },
        {
          "bundlePath" : "\/Applications\/Xcode.app\/Contents\/Developer\/Platforms\/iPhoneOS.platform\/Library\/Developer\/CoreSimulator\/Profiles\/DeviceTypes\/iPad Air 13-inch (M2).simdevicetype",
          "name" : "iPad Air 13-inch (M2)",
          "identifier" : "com.apple.CoreSimulator.SimDeviceType.iPad-Air-13-inch-M2",
          "productFamily" : "iPad"
        },
        {
          "bundlePath" : "\/Applications\/Xcode.app\/Contents\/Developer\/Platforms\/iPhoneOS.platform\/Library\/Developer\/CoreSimulator\/Profiles\/DeviceTypes\/iPad mini (A17 Pro).simdevicetype",
          "name" : "iPad mini (A17 Pro)",
          "identifier" : "com.apple.CoreSimulator.SimDeviceType.iPad-mini-A17-Pro",
          "productFamily" : "iPad"
        },
        {
          "bundlePath" : "\/Applications\/Xcode.app\/Contents\/Developer\/Platforms\/iPhoneOS.platform\/Library\/Developer\/CoreSimulator\/Profiles\/DeviceTypes\/iPad Pro (11-inch) (4th generation) (16GB).simdevicetype",
          "name" : "iPad Pro (11-inch) (4th generation) (16GB)",
          "identifier" : "com.apple.CoreSimulator.SimDeviceType.iPad-Pro-11-inch-4th-generation-16GB",
          "productFamily" : "iPad"
        },
        {
          "bundlePath" : "\/Applications\/Xcode.app\/Contents\/Developer\/Platforms\/iPhoneOS.platform\/Library\/Developer\/CoreSimulator\/Profiles\/DeviceTypes\/iPad Pro (11-inch) (4th generation).simdevicetype",
          "name" : "iPad Pro (11-inch) (4th generation)",
          "identifier" : "com.apple.CoreSimulator.SimDeviceType.iPad-Pro-11-inch-4th-generation-8GB",
          "productFamily" : "iPad"
        },
        {
          "bundlePath" : "\/Applications\/Xcode.app\/Contents\/Developer\/Platforms\/iPhoneOS.platform\/Library\/Developer\/CoreSimulator\/Profiles\/DeviceTypes\/iPad Pro (12.9-inch) (6th generation) (16GB).simdevicetype",
          "name" : "iPad Pro (12.9-inch) (6th generation) (16GB)",
          "identifier" : "com.apple.CoreSimulator.SimDeviceType.iPad-Pro-12-9-inch-6th-generation-16GB",
          "productFamily" : "iPad"
        },
        {
          "bundlePath" : "\/Applications\/Xcode.app\/Contents\/Developer\/Platforms\/iPhoneOS.platform\/Library\/Developer\/CoreSimulator\/Profiles\/DeviceTypes\/iPad Pro (12.9-inch) (6th generation).simdevicetype",
          "name" : "iPad Pro (12.9-inch) (6th generation)",
          "identifier" : "com.apple.CoreSimulator.SimDeviceType.iPad-Pro-12-9-inch-6th-generation-8GB",
          "productFamily" : "iPad"
        },
        {
          "bundlePath" : "\/Applications\/Xcode.app\/Contents\/Developer\/Platforms\/iPhoneOS.platform\/Library\/Developer\/CoreSimulator\/Profiles\/DeviceTypes\/iPad (10th generation).simdevicetype",
          "name" : "iPad (10th generation)",
          "identifier" : "com.apple.CoreSimulator.SimDeviceType.iPad-10th-generation",
          "productFamily" : "iPad"
        },
        {
          "bundlePath" : "\/Applications\/Xcode.app\/Contents\/Developer\/Platforms\/iPhoneOS.platform\/Library\/Developer\/CoreSimulator\/Profiles\/DeviceTypes\/iPad Air (5th generation).simdevicetype",
          "name" : "iPad Air (5th generation)",
          "identifier" : "com.apple.CoreSimulator.SimDeviceType.iPad-Air-5th-generation",
          "productFamily" : "iPad"
        },
        {
          "bundlePath" : "\/Applications\/Xcode.app\/Contents\/Developer\/Platforms\/iPhoneOS.platform\/Library\/Developer\/CoreSimulator\/Profiles\/DeviceTypes\/iPad mini (6th generation).simdevicetype",
          "name" : "iPad mini (6th generation)",
          "identifier" : "com.apple.CoreSimulator.SimDeviceType.iPad-mini-6th-generation",
          "productFamily" : "iPad"
        },
        {
          "bundlePath" : "\/Applications\/Xcode.app\/Contents\/Developer\/Platforms\/iPhoneOS.platform\/Library\/Developer\/CoreSimulator\/Profiles\/DeviceTypes\/iPad Pro (11-inch) (3rd generation).simdevicetype",
          "name" : "iPad Pro (11-inch) (3rd generation)",
          "identifier" : "com.apple.CoreSimulator.SimDeviceType.iPad-Pro-11-inch-3rd-generation",
          "productFamily" : "iPad"
        },
        {
          "bundlePath" : "\/Applications\/Xcode.app\/Contents\/Developer\/Platforms\/iPhoneOS.platform\/Library\/Developer\/CoreSimulator\/Profiles\/DeviceTypes\/iPad Pro (12.9-inch) (5th generation).simdevicetype",
          "name" : "iPad Pro (12.9-inch) (5th generation)",
          "identifier" : "com.apple.CoreSimulator.SimDeviceType.iPad-Pro-12-9-inch-5th-generation",
          "productFamily" : "iPad"
        },
        {
          "bundlePath" : "\/Applications\/Xcode.app\/Contents\/Developer\/Platforms\/iPhoneOS.platform\/Library\/Developer\/CoreSimulator\/Profiles\/DeviceTypes\/iPad (9th generation).simdevicetype",
          "name" : "iPad (9th generation)",
          "identifier" : "com.apple.CoreSimulator.SimDeviceType.iPad-9th-generation",
          "productFamily" : "iPad"
        },
        {
          "bundlePath" : "\/Applications\/Xcode.app\/Contents\/Developer\/Platforms\/iPhoneOS.platform\/Library\/Developer\/CoreSimulator\/Profiles\/DeviceTypes\/iPad Air (4th generation).simdevicetype",
          "name" : "iPad Air (4th generation)",
          "identifier" : "com.apple.CoreSimulator.SimDeviceType.iPad-Air--4th-generation-",
          "productFamily" : "iPad"
        },
        {
          "bundlePath" : "\/Applications\/Xcode.app\/Contents\/Developer\/Platforms\/iPhoneOS.platform\/Library\/Developer\/CoreSimulator\/Profiles\/DeviceTypes\/iPad (8th generation).simdevicetype",
          "name" : "iPad (8th generation)",
          "identifier" : "com.apple.CoreSimulator.SimDeviceType.iPad--8th-generation-",
          "productFamily" : "iPad"
        },
        {
          "bundlePath" : "\/Applications\/Xcode.app\/Contents\/Developer\/Platforms\/iPhoneOS.platform\/Library\/Developer\/CoreSimulator\/Profiles\/DeviceTypes\/iPad Air (3rd generation).simdevicetype",
          "name" : "iPad Air (3rd generation)",
          "identifier" : "com.apple.CoreSimulator.SimDeviceType.iPad-Air--3rd-generation-",
          "productFamily" : "iPad"
        },
        {
          "bundlePath" : "\/Applications\/Xcode.app\/Contents\/Developer\/Platforms\/iPhoneOS.platform\/Library\/Developer\/CoreSimulator\/Profiles\/DeviceTypes\/iPad mini (5th generation).simdevicetype",
          "name" : "iPad mini (5th generation)",
          "identifier" : "com.apple.CoreSimulator.SimDeviceType.iPad-mini--5th-generation-",
          "productFamily" : "iPad"
        },
        {
          "bundlePath" : "\/Applications\/Xcode.app\/Contents\/Developer\/Platforms\/iPhoneOS.platform\/Library\/Developer\/CoreSimulator\/Profiles\/DeviceTypes\/iPad Pro (11-inch) (2nd generation).simdevicetype",
          "name" : "iPad Pro (11-inch) (2nd generation)",
          "identifier" : "com.apple.CoreSimulator.SimDeviceType.iPad-Pro--11-inch---2nd-generation-",
          "productFamily" : "iPad"
        },
        {
          "bundlePath" : "\/Applications\/Xcode.app\/Contents\/Developer\/Platforms\/iPhoneOS.platform\/Library\/Developer\/CoreSimulator\/Profiles\/DeviceTypes\/iPad Pro (12.9-inch) (4th generation).simdevicetype",
          "name" : "iPad Pro (12.9-inch) (4th generation)",
          "identifier" : "com.apple.CoreSimulator.SimDeviceType.iPad-Pro--12-9-inch---4th-generation-",
          "productFamily" : "iPad"
        },
        {
          "bundlePath" : "\/Applications\/Xcode.app\/Contents\/Developer\/Platforms\/iPhoneOS.platform\/Library\/Developer\/CoreSimulator\/Profiles\/DeviceTypes\/iPad Pro (11-inch) (1st generation).simdevicetype",
          "name" : "iPad Pro (11-inch) (1st generation)",
          "identifier" : "com.apple.CoreSimulator.SimDeviceType.iPad-Pro--11-inch-",
          "productFamily" : "iPad"
        },
        {
          "bundlePath" : "\/Applications\/Xcode.app\/Contents\/Developer\/Platforms\/iPhoneOS.platform\/Library\/Developer\/CoreSimulator\/Profiles\/DeviceTypes\/iPad Pro (12.9-inch) (3rd generation).simdevicetype",
          "name" : "iPad Pro (12.9-inch) (3rd generation)",
          "identifier" : "com.apple.CoreSimulator.SimDeviceType.iPad-Pro--12-9-inch---3rd-generation-",
          "productFamily" : "iPad"
        },
        {
          "bundlePath" : "\/Applications\/Xcode.app\/Contents\/Developer\/Platforms\/iPhoneOS.platform\/Library\/Developer\/CoreSimulator\/Profiles\/DeviceTypes\/iPad (7th generation).simdevicetype",
          "name" : "iPad (7th generation)",
          "identifier" : "com.apple.CoreSimulator.SimDeviceType.iPad--7th-generation-",
          "productFamily" : "iPad"
        }
      ]
    },
    "dataPath" : "\/Users\/mcamacho\/Library\/Developer\/CoreSimulator\/Devices\/1AF1D505-E4E6-45DD-B51A-54B2F3563FB2\/data",
    "lastBootedAt" : "2025-05-21T16:29:39Z",
    "deviceTypeIdentifier" : "com.apple.CoreSimulator.SimDeviceType.iPhone-16",
    "udid" : "1AF1D505-E4E6-45DD-B51A-54B2F3563FB2"
  }
]

10:37:40.573 detox[37088] [90mE[39m post-allocate: 1AF1D505-E4E6-45DD-B51A-54B2F3563FB2
10:37:40.574 detox[37088] [90mi[39m dispatching event to socket  :  allocateDeviceDone {
  deviceCookie: {
    id: '1AF1D505-E4E6-45DD-B51A-54B2F3563FB2',
    udid: '1AF1D505-E4E6-45DD-B51A-54B2F3563FB2',
    type: 'ios.simulator',
    bootArgs: undefined,
    headless: true
  }
}
10:37:40.574 detox[37113] [90mi[39m ## received events ##
10:37:40.574 detox[37113] [90mi[39m detected event allocateDeviceDone {
  deviceCookie: {
    id: '1AF1D505-E4E6-45DD-B51A-54B2F3563FB2',
    udid: '1AF1D505-E4E6-45DD-B51A-54B2F3563FB2',
    type: 'ios.simulator',
    headless: true
  }
}
10:37:40.581 detox[37113] [90mB[39m onBootDevice
  args: ({"deviceId":"1AF1D505-E4E6-45DD-B51A-54B2F3563FB2"})
10:37:40.582 detox[37113] [90mE[39m onBootDevice
10:37:40.582 detox[37113] [90mB[39m installUtilBinaries
  args: ()
10:37:40.582 detox[37113] [90mE[39m installUtilBinaries
10:37:40.582 detox[37113] [90mB[39m selectApp
  args: ("default")
10:37:40.582 detox[37113] [90mE[39m selectApp
  error: Failed to find the app binary at:
  /Users/mcamacho/Projects/detox-demo-github-actions/ios/build/Build/Products/Release-iphonesimulator/detoxdemogithubactions.app
  
  HINT: Make sure that:
  1. You built the app before running tests:
    detox build -c <your-configuration-name>
  2. The app binary can be found at the given path.
10:37:40.583 detox[37113] [90mE[39m set up environment
  error: Failed to find the app binary at:
  /Users/mcamacho/Projects/detox-demo-github-actions/ios/build/Build/Products/Release-iphonesimulator/detoxdemogithubactions.app
  
  HINT: Make sure that:
  1. You built the app before running tests:
    detox build -c <your-configuration-name>
  2. The app binary can be found at the given path.
10:37:40.583 detox[37113] [90mB[39m tear down environment
10:37:40.583 detox[37113] [90mB[39m onBeforeCleanup
  args: ()
10:37:40.584 detox[37113] [90mi[39m saving FileArtifact to: e2e/artifacts/ios.release.2025-05-21 16-37-39Z/detox_pid_37113.json.log { append: true }
10:37:40.584 detox[37113] [90mi[39m saving FileArtifact to: e2e/artifacts/ios.release.2025-05-21 16-37-39Z/detox_pid_37113.log { append: true }
10:37:40.584 detox[37113] [90mE[39m onBeforeCleanup
10:37:40.585 detox[37088] [90mi[39m tester exited session f984f171-4b22-24ee-375f-8db8b7dac7a0
10:37:40.585 detox[37088] [90mE[39m connection :50700<->:50704
10:37:40.585 detox[37088] [90mi[39m received event of :  deallocateDevice {
  deviceCookie: {
    id: '1AF1D505-E4E6-45DD-B51A-54B2F3563FB2',
    udid: '1AF1D505-E4E6-45DD-B51A-54B2F3563FB2',
    type: 'ios.simulator',
    headless: true
  }
}
10:37:40.585 detox[37088] [90mB[39m free: 1AF1D505-E4E6-45DD-B51A-54B2F3563FB2
  data: {}
10:37:40.585 detox[37113] [90mi[39m dispatching event to  primary-37088 /tmp/detox.primary-37088  :  deallocateDevice , {
  deviceCookie: {
    id: '1AF1D505-E4E6-45DD-B51A-54B2F3563FB2',
    udid: '1AF1D505-E4E6-45DD-B51A-54B2F3563FB2',
    type: 'ios.simulator',
    headless: true
  }
}
10:37:40.586 detox[37088] [90mE[39m free: 1AF1D505-E4E6-45DD-B51A-54B2F3563FB2
10:37:40.586 detox[37088] [90mi[39m dispatching event to socket  :  deallocateDeviceDone {}
10:37:40.586 detox[37113] [90mi[39m ## received events ##
10:37:40.586 detox[37113] [90mi[39m detected event deallocateDeviceDone {}
10:37:40.586 detox[37113] [90mE[39m tear down environment
10:37:40.586 detox[37113] [90mE[39m e2e/tests/Flujo de prueba concepto/workshopRobot.test.ts
10:37:40.596 detox[37113] [90mi[39m connection closed primary-37088 /tmp/detox.primary-37088 0 tries remaining of 0
10:37:40.596 detox[37113] [90mi[39m secondary-37113 exceeded connection rety amount of  or stopRetrying flag set.
10:37:40.597 detox[37088] [90mi[39m socket disconnected secondary-37113
10:37:40.702 detox[37088] [90mE[39m Command failed with exit code = 1:
jest --config e2e/jest.config.js --testPathIgnorePatterns e2e/tests/Flujo\ de\ inicio\ de\ sesión
10:37:40.703 detox[37088] [90mB[39m cleanup
  args: ()
10:37:40.703 detox[37088] [90mE[39m cleanup
10:37:40.703 detox[37088] [90mi[39m Detox server has been closed gracefully
10:37:40.704 detox[37088] [90mE[39m node_modules/detox/local-cli/cli.js test --configuration ios.release --headless --record-logs all --testPathIgnorePatterns=e2e/tests/Flujo de inicio de sesión
